{"C:\\Users\\small\\sweep-clean\\src\\chain-verify.js": {"path":"C:\\Users\\small\\sweep-clean\\src\\chain-verify.js","all":false,"statementMap":{"0":{"start":{"line":1,"column":0},"end":{"line":1,"column":3}},"1":{"start":{"line":2,"column":0},"end":{"line":2,"column":63}},"2":{"start":{"line":3,"column":0},"end":{"line":3,"column":2}},"3":{"start":{"line":4,"column":0},"end":{"line":4,"column":66}},"4":{"start":{"line":5,"column":0},"end":{"line":5,"column":62}},"5":{"start":{"line":6,"column":0},"end":{"line":6,"column":26}},"6":{"start":{"line":7,"column":0},"end":{"line":7,"column":68}},"7":{"start":{"line":8,"column":0},"end":{"line":8,"column":36}},"8":{"start":{"line":9,"column":0},"end":{"line":9,"column":70}},"9":{"start":{"line":10,"column":0},"end":{"line":10,"column":44}},"10":{"start":{"line":11,"column":0},"end":{"line":11,"column":2}},"11":{"start":{"line":12,"column":0},"end":{"line":12,"column":69}},"12":{"start":{"line":13,"column":0},"end":{"line":13,"column":2}},"13":{"start":{"line":14,"column":0},"end":{"line":14,"column":69}},"14":{"start":{"line":15,"column":0},"end":{"line":15,"column":69}},"15":{"start":{"line":16,"column":0},"end":{"line":16,"column":69}},"16":{"start":{"line":17,"column":0},"end":{"line":17,"column":66}},"17":{"start":{"line":18,"column":0},"end":{"line":18,"column":3}},"21":{"start":{"line":22,"column":0},"end":{"line":22,"column":68}},"22":{"start":{"line":23,"column":0},"end":{"line":23,"column":69}},"23":{"start":{"line":24,"column":0},"end":{"line":24,"column":55}},"24":{"start":{"line":25,"column":0},"end":{"line":25,"column":45}},"25":{"start":{"line":26,"column":0},"end":{"line":26,"column":24}},"26":{"start":{"line":27,"column":0},"end":{"line":27,"column":19}},"27":{"start":{"line":28,"column":0},"end":{"line":28,"column":35}},"28":{"start":{"line":29,"column":0},"end":{"line":29,"column":3}},"29":{"start":{"line":30,"column":0},"end":{"line":30,"column":1}},"31":{"start":{"line":32,"column":0},"end":{"line":32,"column":3}},"32":{"start":{"line":33,"column":0},"end":{"line":33,"column":61}},"33":{"start":{"line":34,"column":0},"end":{"line":34,"column":2}},"34":{"start":{"line":35,"column":0},"end":{"line":35,"column":52}},"35":{"start":{"line":36,"column":0},"end":{"line":36,"column":66}},"36":{"start":{"line":37,"column":0},"end":{"line":37,"column":66}},"37":{"start":{"line":38,"column":0},"end":{"line":38,"column":66}},"38":{"start":{"line":39,"column":0},"end":{"line":39,"column":77}},"39":{"start":{"line":40,"column":0},"end":{"line":40,"column":49}},"40":{"start":{"line":41,"column":0},"end":{"line":41,"column":45}},"41":{"start":{"line":42,"column":0},"end":{"line":42,"column":3}},"42":{"start":{"line":43,"column":0},"end":{"line":43,"column":88}},"43":{"start":{"line":44,"column":0},"end":{"line":44,"column":84}},"44":{"start":{"line":45,"column":0},"end":{"line":45,"column":39}},"46":{"start":{"line":47,"column":0},"end":{"line":47,"column":36}},"47":{"start":{"line":48,"column":0},"end":{"line":48,"column":42}},"48":{"start":{"line":49,"column":0},"end":{"line":49,"column":41}},"49":{"start":{"line":50,"column":0},"end":{"line":50,"column":32}},"50":{"start":{"line":51,"column":0},"end":{"line":51,"column":31}},"51":{"start":{"line":52,"column":0},"end":{"line":52,"column":95}},"52":{"start":{"line":53,"column":0},"end":{"line":53,"column":41}},"53":{"start":{"line":54,"column":0},"end":{"line":54,"column":6}},"54":{"start":{"line":55,"column":0},"end":{"line":55,"column":3}},"56":{"start":{"line":57,"column":0},"end":{"line":57,"column":70}},"57":{"start":{"line":58,"column":0},"end":{"line":58,"column":70}},"58":{"start":{"line":59,"column":0},"end":{"line":59,"column":39}},"59":{"start":{"line":60,"column":0},"end":{"line":60,"column":7}},"60":{"start":{"line":61,"column":0},"end":{"line":61,"column":31}},"61":{"start":{"line":62,"column":0},"end":{"line":62,"column":52}},"62":{"start":{"line":63,"column":0},"end":{"line":63,"column":46}},"63":{"start":{"line":64,"column":0},"end":{"line":64,"column":54}},"64":{"start":{"line":65,"column":0},"end":{"line":65,"column":39}},"65":{"start":{"line":66,"column":0},"end":{"line":66,"column":35}},"66":{"start":{"line":67,"column":0},"end":{"line":67,"column":84}},"67":{"start":{"line":68,"column":0},"end":{"line":68,"column":63}},"68":{"start":{"line":69,"column":0},"end":{"line":69,"column":10}},"69":{"start":{"line":70,"column":0},"end":{"line":70,"column":7}},"70":{"start":{"line":71,"column":0},"end":{"line":71,"column":5}},"71":{"start":{"line":72,"column":0},"end":{"line":72,"column":15}},"72":{"start":{"line":73,"column":0},"end":{"line":73,"column":47}},"73":{"start":{"line":74,"column":0},"end":{"line":74,"column":72}},"74":{"start":{"line":75,"column":0},"end":{"line":75,"column":67}},"75":{"start":{"line":76,"column":0},"end":{"line":76,"column":63}},"76":{"start":{"line":77,"column":0},"end":{"line":77,"column":3}},"78":{"start":{"line":79,"column":0},"end":{"line":79,"column":68}},"79":{"start":{"line":80,"column":0},"end":{"line":80,"column":70}},"80":{"start":{"line":81,"column":0},"end":{"line":81,"column":41}},"81":{"start":{"line":82,"column":0},"end":{"line":82,"column":24}},"82":{"start":{"line":83,"column":0},"end":{"line":83,"column":49}},"83":{"start":{"line":84,"column":0},"end":{"line":84,"column":69}},"84":{"start":{"line":85,"column":0},"end":{"line":85,"column":33}},"85":{"start":{"line":86,"column":0},"end":{"line":86,"column":72}},"86":{"start":{"line":87,"column":0},"end":{"line":87,"column":58}},"87":{"start":{"line":88,"column":0},"end":{"line":88,"column":8}},"88":{"start":{"line":89,"column":0},"end":{"line":89,"column":5}},"89":{"start":{"line":90,"column":0},"end":{"line":90,"column":3}},"91":{"start":{"line":92,"column":0},"end":{"line":92,"column":71}},"92":{"start":{"line":93,"column":0},"end":{"line":93,"column":69}},"93":{"start":{"line":94,"column":0},"end":{"line":94,"column":18}},"94":{"start":{"line":95,"column":0},"end":{"line":95,"column":11}},"95":{"start":{"line":96,"column":0},"end":{"line":96,"column":7}},"96":{"start":{"line":97,"column":0},"end":{"line":97,"column":46}},"97":{"start":{"line":98,"column":0},"end":{"line":98,"column":15}},"98":{"start":{"line":99,"column":0},"end":{"line":99,"column":97}},"99":{"start":{"line":100,"column":0},"end":{"line":100,"column":3}},"100":{"start":{"line":101,"column":0},"end":{"line":101,"column":49}},"101":{"start":{"line":102,"column":0},"end":{"line":102,"column":31}},"102":{"start":{"line":103,"column":0},"end":{"line":103,"column":82}},"103":{"start":{"line":104,"column":0},"end":{"line":104,"column":53}},"104":{"start":{"line":105,"column":0},"end":{"line":105,"column":6}},"105":{"start":{"line":106,"column":0},"end":{"line":106,"column":3}},"107":{"start":{"line":108,"column":0},"end":{"line":108,"column":51}},"108":{"start":{"line":109,"column":0},"end":{"line":109,"column":1}}},"s":{"0":1,"1":1,"2":1,"3":1,"4":1,"5":1,"6":1,"7":1,"8":1,"9":1,"10":1,"11":1,"12":1,"13":1,"14":1,"15":1,"16":1,"17":1,"21":1,"22":1,"23":1,"24":1,"25":1,"26":9,"27":9,"28":9,"29":1,"31":1,"32":1,"33":1,"34":1,"35":1,"36":1,"37":1,"38":1,"39":1,"40":1,"41":1,"42":1,"43":13,"44":12,"46":12,"47":12,"48":12,"49":13,"50":2,"51":2,"52":2,"53":2,"54":2,"56":10,"57":10,"58":10,"59":10,"60":10,"61":13,"62":2,"63":1,"64":1,"65":1,"66":1,"67":1,"68":1,"69":1,"70":2,"71":13,"72":2,"73":2,"74":2,"75":2,"76":2,"78":9,"79":9,"80":9,"81":13,"82":3,"83":3,"84":1,"85":1,"86":1,"87":1,"88":1,"89":3,"91":8,"92":8,"93":8,"94":8,"95":8,"96":8,"97":13,"98":1,"99":1,"100":13,"101":3,"102":3,"103":3,"104":3,"105":3,"107":4,"108":4},"branchMap":{"0":{"type":"branch","line":26,"loc":{"start":{"line":26,"column":2},"end":{"line":29,"column":3}},"locations":[{"start":{"line":26,"column":2},"end":{"line":29,"column":3}}]},"1":{"type":"branch","line":43,"loc":{"start":{"line":43,"column":7},"end":{"line":109,"column":1}},"locations":[{"start":{"line":43,"column":7},"end":{"line":109,"column":1}}]},"2":{"type":"branch","line":44,"loc":{"start":{"line":44,"column":12},"end":{"line":44,"column":84}},"locations":[{"start":{"line":44,"column":12},"end":{"line":44,"column":84}}]},"3":{"type":"branch","line":44,"loc":{"start":{"line":44,"column":83},"end":{"line":50,"column":31}},"locations":[{"start":{"line":44,"column":83},"end":{"line":50,"column":31}}]},"4":{"type":"branch","line":50,"loc":{"start":{"line":50,"column":31},"end":{"line":55,"column":3}},"locations":[{"start":{"line":50,"column":31},"end":{"line":55,"column":3}}]},"5":{"type":"branch","line":55,"loc":{"start":{"line":55,"column":2},"end":{"line":62,"column":11}},"locations":[{"start":{"line":55,"column":2},"end":{"line":62,"column":11}}]},"6":{"type":"branch","line":62,"loc":{"start":{"line":62,"column":11},"end":{"line":62,"column":49}},"locations":[{"start":{"line":62,"column":11},"end":{"line":62,"column":49}}]},"7":{"type":"branch","line":62,"loc":{"start":{"line":62,"column":51},"end":{"line":71,"column":5}},"locations":[{"start":{"line":62,"column":51},"end":{"line":71,"column":5}}]},"8":{"type":"branch","line":63,"loc":{"start":{"line":63,"column":45},"end":{"line":70,"column":7}},"locations":[{"start":{"line":63,"column":45},"end":{"line":70,"column":7}}]},"9":{"type":"branch","line":72,"loc":{"start":{"line":72,"column":4},"end":{"line":77,"column":3}},"locations":[{"start":{"line":72,"column":4},"end":{"line":77,"column":3}}]},"10":{"type":"branch","line":73,"loc":{"start":{"line":73,"column":39},"end":{"line":73,"column":47}},"locations":[{"start":{"line":73,"column":39},"end":{"line":73,"column":47}}]},"11":{"type":"branch","line":77,"loc":{"start":{"line":77,"column":2},"end":{"line":82,"column":23}},"locations":[{"start":{"line":77,"column":2},"end":{"line":82,"column":23}}]},"12":{"type":"branch","line":82,"loc":{"start":{"line":82,"column":23},"end":{"line":90,"column":3}},"locations":[{"start":{"line":82,"column":23},"end":{"line":90,"column":3}}]},"13":{"type":"branch","line":84,"loc":{"start":{"line":84,"column":68},"end":{"line":89,"column":5}},"locations":[{"start":{"line":84,"column":68},"end":{"line":89,"column":5}}]},"14":{"type":"branch","line":90,"loc":{"start":{"line":90,"column":2},"end":{"line":97,"column":46}},"locations":[{"start":{"line":90,"column":2},"end":{"line":97,"column":46}}]},"15":{"type":"branch","line":97,"loc":{"start":{"line":97,"column":45},"end":{"line":98,"column":4}},"locations":[{"start":{"line":97,"column":45},"end":{"line":98,"column":4}}]},"16":{"type":"branch","line":98,"loc":{"start":{"line":98,"column":4},"end":{"line":100,"column":3}},"locations":[{"start":{"line":98,"column":4},"end":{"line":100,"column":3}}]},"17":{"type":"branch","line":100,"loc":{"start":{"line":100,"column":2},"end":{"line":101,"column":12}},"locations":[{"start":{"line":100,"column":2},"end":{"line":101,"column":12}}]},"18":{"type":"branch","line":101,"loc":{"start":{"line":101,"column":12},"end":{"line":101,"column":28}},"locations":[{"start":{"line":101,"column":12},"end":{"line":101,"column":28}}]},"19":{"type":"branch","line":101,"loc":{"start":{"line":101,"column":29},"end":{"line":101,"column":46}},"locations":[{"start":{"line":101,"column":29},"end":{"line":101,"column":46}}]},"20":{"type":"branch","line":101,"loc":{"start":{"line":101,"column":48},"end":{"line":106,"column":3}},"locations":[{"start":{"line":101,"column":48},"end":{"line":106,"column":3}}]},"21":{"type":"branch","line":106,"loc":{"start":{"line":106,"column":2},"end":{"line":109,"column":1}},"locations":[{"start":{"line":106,"column":2},"end":{"line":109,"column":1}}]}},"b":{"0":[9],"1":[13],"2":[1],"3":[12],"4":[2],"5":[10],"6":[2],"7":[2],"8":[1],"9":[2],"10":[1],"11":[9],"12":[3],"13":[1],"14":[8],"15":[7],"16":[1],"17":[7],"18":[6],"19":[5],"20":[3],"21":[4]},"fnMap":{"0":{"name":"ChainVerifyError","decl":{"start":{"line":26,"column":2},"end":{"line":29,"column":3}},"loc":{"start":{"line":26,"column":2},"end":{"line":29,"column":3}},"line":26},"1":{"name":"verifySignerChain","decl":{"start":{"line":43,"column":7},"end":{"line":109,"column":1}},"loc":{"start":{"line":43,"column":7},"end":{"line":109,"column":1}},"line":43}},"f":{"0":9,"1":13}}
,"C:\\Users\\small\\sweep-clean\\src\\config.js": {"path":"C:\\Users\\small\\sweep-clean\\src\\config.js","all":false,"statementMap":{"0":{"start":{"line":1,"column":0},"end":{"line":1,"column":3}},"1":{"start":{"line":2,"column":0},"end":{"line":2,"column":48}},"2":{"start":{"line":3,"column":0},"end":{"line":3,"column":3}},"4":{"start":{"line":5,"column":0},"end":{"line":5,"column":72}},"5":{"start":{"line":6,"column":0},"end":{"line":6,"column":13}},"6":{"start":{"line":7,"column":0},"end":{"line":7,"column":72}},"7":{"start":{"line":8,"column":0},"end":{"line":8,"column":2}},"8":{"start":{"line":9,"column":0},"end":{"line":9,"column":65}},"9":{"start":{"line":10,"column":0},"end":{"line":10,"column":64}},"10":{"start":{"line":11,"column":0},"end":{"line":11,"column":72}},"12":{"start":{"line":13,"column":0},"end":{"line":13,"column":75}},"14":{"start":{"line":15,"column":0},"end":{"line":15,"column":72}},"15":{"start":{"line":16,"column":0},"end":{"line":16,"column":18}},"16":{"start":{"line":17,"column":0},"end":{"line":17,"column":72}},"17":{"start":{"line":18,"column":0},"end":{"line":18,"column":2}},"18":{"start":{"line":19,"column":0},"end":{"line":19,"column":68}},"19":{"start":{"line":20,"column":0},"end":{"line":20,"column":66}},"20":{"start":{"line":21,"column":0},"end":{"line":21,"column":40}},"21":{"start":{"line":22,"column":0},"end":{"line":22,"column":72}},"23":{"start":{"line":24,"column":0},"end":{"line":24,"column":32}},"24":{"start":{"line":25,"column":0},"end":{"line":25,"column":21}},"25":{"start":{"line":26,"column":0},"end":{"line":26,"column":22}},"26":{"start":{"line":27,"column":0},"end":{"line":27,"column":22}},"27":{"start":{"line":28,"column":0},"end":{"line":28,"column":22}},"28":{"start":{"line":29,"column":0},"end":{"line":29,"column":19}},"29":{"start":{"line":30,"column":0},"end":{"line":30,"column":21}},"30":{"start":{"line":31,"column":0},"end":{"line":31,"column":2}},"32":{"start":{"line":33,"column":0},"end":{"line":33,"column":51}},"34":{"start":{"line":35,"column":0},"end":{"line":35,"column":38}},"36":{"start":{"line":37,"column":0},"end":{"line":37,"column":72}},"37":{"start":{"line":38,"column":0},"end":{"line":38,"column":43}},"38":{"start":{"line":39,"column":0},"end":{"line":39,"column":72}},"39":{"start":{"line":40,"column":0},"end":{"line":40,"column":2}},"40":{"start":{"line":41,"column":0},"end":{"line":41,"column":70}},"41":{"start":{"line":42,"column":0},"end":{"line":42,"column":70}},"42":{"start":{"line":43,"column":0},"end":{"line":43,"column":64}},"43":{"start":{"line":44,"column":0},"end":{"line":44,"column":72}},"45":{"start":{"line":46,"column":0},"end":{"line":46,"column":29}},"46":{"start":{"line":47,"column":0},"end":{"line":47,"column":36}},"47":{"start":{"line":48,"column":0},"end":{"line":48,"column":38}},"49":{"start":{"line":50,"column":0},"end":{"line":50,"column":38}},"50":{"start":{"line":51,"column":0},"end":{"line":51,"column":56}},"51":{"start":{"line":52,"column":0},"end":{"line":52,"column":1}},"53":{"start":{"line":54,"column":0},"end":{"line":54,"column":40}},"54":{"start":{"line":55,"column":0},"end":{"line":55,"column":42}},"55":{"start":{"line":56,"column":0},"end":{"line":56,"column":1}},"57":{"start":{"line":58,"column":0},"end":{"line":58,"column":72}},"58":{"start":{"line":59,"column":0},"end":{"line":59,"column":49}},"59":{"start":{"line":60,"column":0},"end":{"line":60,"column":72}},"60":{"start":{"line":61,"column":0},"end":{"line":61,"column":2}},"61":{"start":{"line":62,"column":0},"end":{"line":62,"column":40}},"62":{"start":{"line":63,"column":0},"end":{"line":63,"column":35}},"63":{"start":{"line":64,"column":0},"end":{"line":64,"column":35}},"64":{"start":{"line":65,"column":0},"end":{"line":65,"column":35}},"65":{"start":{"line":66,"column":0},"end":{"line":66,"column":35}},"66":{"start":{"line":67,"column":0},"end":{"line":67,"column":35}},"67":{"start":{"line":68,"column":0},"end":{"line":68,"column":2}},"68":{"start":{"line":69,"column":0},"end":{"line":69,"column":68}},"69":{"start":{"line":70,"column":0},"end":{"line":70,"column":68}},"70":{"start":{"line":71,"column":0},"end":{"line":71,"column":2}},"71":{"start":{"line":72,"column":0},"end":{"line":72,"column":69}},"72":{"start":{"line":73,"column":0},"end":{"line":73,"column":61}},"73":{"start":{"line":74,"column":0},"end":{"line":74,"column":72}},"75":{"start":{"line":76,"column":0},"end":{"line":76,"column":70}},"76":{"start":{"line":77,"column":0},"end":{"line":77,"column":61}},"78":{"start":{"line":79,"column":0},"end":{"line":79,"column":15}},"79":{"start":{"line":80,"column":0},"end":{"line":80,"column":17}},"80":{"start":{"line":81,"column":0},"end":{"line":81,"column":25}},"81":{"start":{"line":82,"column":0},"end":{"line":82,"column":25}},"82":{"start":{"line":83,"column":0},"end":{"line":83,"column":25}},"83":{"start":{"line":84,"column":0},"end":{"line":84,"column":25}},"84":{"start":{"line":85,"column":0},"end":{"line":85,"column":24}},"85":{"start":{"line":86,"column":0},"end":{"line":86,"column":25}},"86":{"start":{"line":87,"column":0},"end":{"line":87,"column":24}},"87":{"start":{"line":88,"column":0},"end":{"line":88,"column":10}},"88":{"start":{"line":89,"column":0},"end":{"line":89,"column":24}},"89":{"start":{"line":90,"column":0},"end":{"line":90,"column":3}},"91":{"start":{"line":92,"column":0},"end":{"line":92,"column":70}},"92":{"start":{"line":93,"column":0},"end":{"line":93,"column":36}},"93":{"start":{"line":94,"column":0},"end":{"line":94,"column":33}},"95":{"start":{"line":96,"column":0},"end":{"line":96,"column":18}},"96":{"start":{"line":97,"column":0},"end":{"line":97,"column":1}},"98":{"start":{"line":99,"column":0},"end":{"line":99,"column":42}},"99":{"start":{"line":100,"column":0},"end":{"line":100,"column":32}},"100":{"start":{"line":101,"column":0},"end":{"line":101,"column":1}}},"s":{"0":1,"1":1,"2":1,"4":1,"5":1,"6":1,"7":1,"8":1,"9":1,"10":1,"12":1,"14":1,"15":1,"16":1,"17":1,"18":1,"19":1,"20":1,"21":1,"23":1,"24":1,"25":1,"26":1,"27":1,"28":1,"29":1,"30":1,"32":1,"34":1,"36":1,"37":1,"38":1,"39":1,"40":1,"41":1,"42":1,"43":1,"45":1,"46":1,"47":1,"49":1,"50":19,"51":19,"53":1,"54":8,"55":8,"57":1,"58":1,"59":1,"60":1,"61":1,"62":1,"63":1,"64":1,"65":1,"66":1,"67":1,"68":1,"69":1,"70":1,"71":1,"72":1,"73":1,"75":1,"76":18,"78":18,"79":18,"80":9,"81":9,"82":3,"83":9,"84":2,"85":6,"86":2,"87":2,"88":2,"89":2,"91":18,"92":18,"93":18,"95":18,"96":18,"98":1,"99":4,"100":4},"branchMap":{"0":{"type":"branch","line":50,"loc":{"start":{"line":50,"column":7},"end":{"line":52,"column":1}},"locations":[{"start":{"line":50,"column":7},"end":{"line":52,"column":1}}]},"1":{"type":"branch","line":54,"loc":{"start":{"line":54,"column":7},"end":{"line":56,"column":1}},"locations":[{"start":{"line":54,"column":7},"end":{"line":56,"column":1}}]},"2":{"type":"branch","line":76,"loc":{"start":{"line":76,"column":7},"end":{"line":97,"column":1}},"locations":[{"start":{"line":76,"column":7},"end":{"line":97,"column":1}}]},"3":{"type":"branch","line":80,"loc":{"start":{"line":80,"column":16},"end":{"line":90,"column":3}},"locations":[{"start":{"line":80,"column":16},"end":{"line":90,"column":3}}]},"4":{"type":"branch","line":82,"loc":{"start":{"line":82,"column":24},"end":{"line":84,"column":3}},"locations":[{"start":{"line":82,"column":24},"end":{"line":84,"column":3}}]},"5":{"type":"branch","line":84,"loc":{"start":{"line":84,"column":3},"end":{"line":90,"column":3}},"locations":[{"start":{"line":84,"column":3},"end":{"line":90,"column":3}}]},"6":{"type":"branch","line":84,"loc":{"start":{"line":84,"column":24},"end":{"line":86,"column":3}},"locations":[{"start":{"line":84,"column":24},"end":{"line":86,"column":3}}]},"7":{"type":"branch","line":86,"loc":{"start":{"line":86,"column":3},"end":{"line":90,"column":3}},"locations":[{"start":{"line":86,"column":3},"end":{"line":90,"column":3}}]},"8":{"type":"branch","line":86,"loc":{"start":{"line":86,"column":24},"end":{"line":90,"column":3}},"locations":[{"start":{"line":86,"column":24},"end":{"line":90,"column":3}}]},"9":{"type":"branch","line":94,"loc":{"start":{"line":94,"column":20},"end":{"line":94,"column":33}},"locations":[{"start":{"line":94,"column":20},"end":{"line":94,"column":33}}]},"10":{"type":"branch","line":99,"loc":{"start":{"line":99,"column":7},"end":{"line":101,"column":1}},"locations":[{"start":{"line":99,"column":7},"end":{"line":101,"column":1}}]}},"b":{"0":[19],"1":[8],"2":[18],"3":[9],"4":[3],"5":[6],"6":[2],"7":[4],"8":[2],"9":[5],"10":[4]},"fnMap":{"0":{"name":"userShare","decl":{"start":{"line":50,"column":7},"end":{"line":52,"column":1}},"loc":{"start":{"line":50,"column":7},"end":{"line":52,"column":1}},"line":50},"1":{"name":"operatorFee","decl":{"start":{"line":54,"column":7},"end":{"line":56,"column":1}},"loc":{"start":{"line":54,"column":7},"end":{"line":56,"column":1}},"line":54},"2":{"name":"computeSponsorshipFeeUsdCents","decl":{"start":{"line":76,"column":7},"end":{"line":97,"column":1}},"loc":{"start":{"line":76,"column":7},"end":{"line":97,"column":1}},"line":76},"3":{"name":"usdCentsToUsdcRaw","decl":{"start":{"line":99,"column":7},"end":{"line":101,"column":1}},"loc":{"start":{"line":99,"column":7},"end":{"line":101,"column":1}},"line":99}},"f":{"0":19,"1":8,"2":18,"3":4}}
,"C:\\Users\\small\\sweep-clean\\src\\retry.js": {"path":"C:\\Users\\small\\sweep-clean\\src\\retry.js","all":false,"statementMap":{"0":{"start":{"line":1,"column":0},"end":{"line":1,"column":3}},"1":{"start":{"line":2,"column":0},"end":{"line":2,"column":60}},"2":{"start":{"line":3,"column":0},"end":{"line":3,"column":2}},"3":{"start":{"line":4,"column":0},"end":{"line":4,"column":70}},"4":{"start":{"line":5,"column":0},"end":{"line":5,"column":67}},"5":{"start":{"line":6,"column":0},"end":{"line":6,"column":55}},"6":{"start":{"line":7,"column":0},"end":{"line":7,"column":2}},"7":{"start":{"line":8,"column":0},"end":{"line":8,"column":10}},"8":{"start":{"line":9,"column":0},"end":{"line":9,"column":70}},"9":{"start":{"line":10,"column":0},"end":{"line":10,"column":64}},"10":{"start":{"line":11,"column":0},"end":{"line":11,"column":70}},"11":{"start":{"line":12,"column":0},"end":{"line":12,"column":64}},"12":{"start":{"line":13,"column":0},"end":{"line":13,"column":42}},"13":{"start":{"line":14,"column":0},"end":{"line":14,"column":3}},"15":{"start":{"line":16,"column":0},"end":{"line":16,"column":72}},"16":{"start":{"line":17,"column":0},"end":{"line":17,"column":9}},"17":{"start":{"line":18,"column":0},"end":{"line":18,"column":72}},"19":{"start":{"line":20,"column":0},"end":{"line":20,"column":41}},"20":{"start":{"line":21,"column":0},"end":{"line":21,"column":80}},"22":{"start":{"line":23,"column":0},"end":{"line":23,"column":37}},"23":{"start":{"line":24,"column":0},"end":{"line":24,"column":38}},"25":{"start":{"line":26,"column":0},"end":{"line":26,"column":72}},"26":{"start":{"line":27,"column":0},"end":{"line":27,"column":13}},"27":{"start":{"line":28,"column":0},"end":{"line":28,"column":72}},"28":{"start":{"line":29,"column":0},"end":{"line":29,"column":2}},"29":{"start":{"line":30,"column":0},"end":{"line":30,"column":68}},"30":{"start":{"line":31,"column":0},"end":{"line":31,"column":64}},"31":{"start":{"line":32,"column":0},"end":{"line":32,"column":13}},"32":{"start":{"line":33,"column":0},"end":{"line":33,"column":72}},"34":{"start":{"line":35,"column":0},"end":{"line":35,"column":42}},"35":{"start":{"line":36,"column":0},"end":{"line":36,"column":62}},"36":{"start":{"line":37,"column":0},"end":{"line":37,"column":61}},"37":{"start":{"line":38,"column":0},"end":{"line":38,"column":48}},"38":{"start":{"line":39,"column":0},"end":{"line":39,"column":20}},"39":{"start":{"line":40,"column":0},"end":{"line":40,"column":48}},"40":{"start":{"line":41,"column":0},"end":{"line":41,"column":70}},"41":{"start":{"line":42,"column":0},"end":{"line":42,"column":16}},"42":{"start":{"line":43,"column":0},"end":{"line":43,"column":3}},"43":{"start":{"line":44,"column":0},"end":{"line":44,"column":72}},"44":{"start":{"line":45,"column":0},"end":{"line":45,"column":29}},"45":{"start":{"line":46,"column":0},"end":{"line":46,"column":54}},"46":{"start":{"line":47,"column":0},"end":{"line":47,"column":45}},"47":{"start":{"line":48,"column":0},"end":{"line":48,"column":53}},"48":{"start":{"line":49,"column":0},"end":{"line":49,"column":54}},"49":{"start":{"line":50,"column":0},"end":{"line":50,"column":50}},"50":{"start":{"line":51,"column":0},"end":{"line":51,"column":53}},"51":{"start":{"line":52,"column":0},"end":{"line":52,"column":73}},"52":{"start":{"line":53,"column":0},"end":{"line":53,"column":14}},"53":{"start":{"line":54,"column":0},"end":{"line":54,"column":1}},"55":{"start":{"line":56,"column":0},"end":{"line":56,"column":3}},"56":{"start":{"line":57,"column":0},"end":{"line":57,"column":25}},"57":{"start":{"line":58,"column":0},"end":{"line":58,"column":63}},"58":{"start":{"line":59,"column":0},"end":{"line":59,"column":64}},"59":{"start":{"line":60,"column":0},"end":{"line":60,"column":61}},"60":{"start":{"line":61,"column":0},"end":{"line":61,"column":75}},"61":{"start":{"line":62,"column":0},"end":{"line":62,"column":73}},"62":{"start":{"line":63,"column":0},"end":{"line":63,"column":48}},"63":{"start":{"line":64,"column":0},"end":{"line":64,"column":70}},"64":{"start":{"line":65,"column":0},"end":{"line":65,"column":69}},"65":{"start":{"line":66,"column":0},"end":{"line":66,"column":3}},"66":{"start":{"line":67,"column":0},"end":{"line":67,"column":42}},"67":{"start":{"line":68,"column":0},"end":{"line":68,"column":11}},"68":{"start":{"line":69,"column":0},"end":{"line":69,"column":10}},"69":{"start":{"line":70,"column":0},"end":{"line":70,"column":10}},"70":{"start":{"line":71,"column":0},"end":{"line":71,"column":12}},"71":{"start":{"line":72,"column":0},"end":{"line":72,"column":41}},"72":{"start":{"line":73,"column":0},"end":{"line":73,"column":37}},"73":{"start":{"line":74,"column":0},"end":{"line":74,"column":4}},"74":{"start":{"line":75,"column":0},"end":{"line":75,"column":56}},"75":{"start":{"line":76,"column":0},"end":{"line":76,"column":4}},"76":{"start":{"line":77,"column":0},"end":{"line":77,"column":44}},"77":{"start":{"line":78,"column":0},"end":{"line":78,"column":23}},"79":{"start":{"line":80,"column":0},"end":{"line":80,"column":60}},"80":{"start":{"line":81,"column":0},"end":{"line":81,"column":9}},"81":{"start":{"line":82,"column":0},"end":{"line":82,"column":45}},"82":{"start":{"line":83,"column":0},"end":{"line":83,"column":35}},"83":{"start":{"line":84,"column":0},"end":{"line":84,"column":71}},"84":{"start":{"line":85,"column":0},"end":{"line":85,"column":7}},"85":{"start":{"line":86,"column":0},"end":{"line":86,"column":20}},"86":{"start":{"line":87,"column":0},"end":{"line":87,"column":17}},"87":{"start":{"line":88,"column":0},"end":{"line":88,"column":20}},"89":{"start":{"line":90,"column":0},"end":{"line":90,"column":36}},"90":{"start":{"line":91,"column":0},"end":{"line":91,"column":84}},"91":{"start":{"line":92,"column":0},"end":{"line":92,"column":16}},"92":{"start":{"line":93,"column":0},"end":{"line":93,"column":7}},"94":{"start":{"line":95,"column":0},"end":{"line":95,"column":36}},"95":{"start":{"line":96,"column":0},"end":{"line":96,"column":96}},"96":{"start":{"line":97,"column":0},"end":{"line":97,"column":16}},"97":{"start":{"line":98,"column":0},"end":{"line":98,"column":7}},"99":{"start":{"line":100,"column":0},"end":{"line":100,"column":88}},"100":{"start":{"line":101,"column":0},"end":{"line":101,"column":20}},"101":{"start":{"line":102,"column":0},"end":{"line":102,"column":114}},"102":{"start":{"line":103,"column":0},"end":{"line":103,"column":7}},"103":{"start":{"line":104,"column":0},"end":{"line":104,"column":27}},"104":{"start":{"line":105,"column":0},"end":{"line":105,"column":5}},"105":{"start":{"line":106,"column":0},"end":{"line":106,"column":3}},"107":{"start":{"line":108,"column":0},"end":{"line":108,"column":18}},"108":{"start":{"line":109,"column":0},"end":{"line":109,"column":1}},"110":{"start":{"line":111,"column":0},"end":{"line":111,"column":72}},"111":{"start":{"line":112,"column":0},"end":{"line":112,"column":15}},"112":{"start":{"line":113,"column":0},"end":{"line":113,"column":72}},"113":{"start":{"line":114,"column":0},"end":{"line":114,"column":2}},"114":{"start":{"line":115,"column":0},"end":{"line":115,"column":71}},"115":{"start":{"line":116,"column":0},"end":{"line":116,"column":66}},"116":{"start":{"line":117,"column":0},"end":{"line":117,"column":34}},"117":{"start":{"line":118,"column":0},"end":{"line":118,"column":72}},"119":{"start":{"line":120,"column":0},"end":{"line":120,"column":3}},"120":{"start":{"line":121,"column":0},"end":{"line":121,"column":25}},"121":{"start":{"line":122,"column":0},"end":{"line":122,"column":75}},"122":{"start":{"line":123,"column":0},"end":{"line":123,"column":33}},"123":{"start":{"line":124,"column":0},"end":{"line":124,"column":41}},"124":{"start":{"line":125,"column":0},"end":{"line":125,"column":35}},"125":{"start":{"line":126,"column":0},"end":{"line":126,"column":70}},"126":{"start":{"line":127,"column":0},"end":{"line":127,"column":33}},"127":{"start":{"line":128,"column":0},"end":{"line":128,"column":3}},"128":{"start":{"line":129,"column":0},"end":{"line":129,"column":44}},"129":{"start":{"line":130,"column":0},"end":{"line":130,"column":11}},"130":{"start":{"line":131,"column":0},"end":{"line":131,"column":10}},"131":{"start":{"line":132,"column":0},"end":{"line":132,"column":18}},"132":{"start":{"line":133,"column":0},"end":{"line":133,"column":10}},"133":{"start":{"line":134,"column":0},"end":{"line":134,"column":12}},"134":{"start":{"line":135,"column":0},"end":{"line":135,"column":37}},"135":{"start":{"line":136,"column":0},"end":{"line":136,"column":33}},"136":{"start":{"line":137,"column":0},"end":{"line":137,"column":4}},"137":{"start":{"line":138,"column":0},"end":{"line":138,"column":56}},"138":{"start":{"line":139,"column":0},"end":{"line":139,"column":4}},"139":{"start":{"line":140,"column":0},"end":{"line":140,"column":44}},"140":{"start":{"line":141,"column":0},"end":{"line":141,"column":23}},"142":{"start":{"line":143,"column":0},"end":{"line":143,"column":60}},"143":{"start":{"line":144,"column":0},"end":{"line":144,"column":9}},"144":{"start":{"line":145,"column":0},"end":{"line":145,"column":54}},"145":{"start":{"line":146,"column":0},"end":{"line":146,"column":17}},"146":{"start":{"line":147,"column":0},"end":{"line":147,"column":20}},"148":{"start":{"line":149,"column":0},"end":{"line":149,"column":57}},"149":{"start":{"line":150,"column":0},"end":{"line":150,"column":52}},"150":{"start":{"line":151,"column":0},"end":{"line":151,"column":24}},"151":{"start":{"line":152,"column":0},"end":{"line":152,"column":52}},"152":{"start":{"line":153,"column":0},"end":{"line":153,"column":69}},"153":{"start":{"line":154,"column":0},"end":{"line":154,"column":7}},"154":{"start":{"line":155,"column":0},"end":{"line":155,"column":57}},"155":{"start":{"line":156,"column":0},"end":{"line":156,"column":10}},"156":{"start":{"line":157,"column":0},"end":{"line":157,"column":44}},"157":{"start":{"line":158,"column":0},"end":{"line":158,"column":43}},"158":{"start":{"line":159,"column":0},"end":{"line":159,"column":39}},"159":{"start":{"line":160,"column":0},"end":{"line":160,"column":9}},"160":{"start":{"line":161,"column":0},"end":{"line":161,"column":16}},"161":{"start":{"line":162,"column":0},"end":{"line":162,"column":7}},"163":{"start":{"line":164,"column":0},"end":{"line":164,"column":43}},"165":{"start":{"line":166,"column":0},"end":{"line":166,"column":51}},"166":{"start":{"line":167,"column":0},"end":{"line":167,"column":19}},"167":{"start":{"line":168,"column":0},"end":{"line":168,"column":43}},"169":{"start":{"line":170,"column":0},"end":{"line":170,"column":20}},"170":{"start":{"line":171,"column":0},"end":{"line":171,"column":97}},"171":{"start":{"line":172,"column":0},"end":{"line":172,"column":7}},"172":{"start":{"line":173,"column":0},"end":{"line":173,"column":27}},"173":{"start":{"line":174,"column":0},"end":{"line":174,"column":5}},"174":{"start":{"line":175,"column":0},"end":{"line":175,"column":3}},"176":{"start":{"line":177,"column":0},"end":{"line":177,"column":18}},"177":{"start":{"line":178,"column":0},"end":{"line":178,"column":1}},"179":{"start":{"line":180,"column":0},"end":{"line":180,"column":72}},"180":{"start":{"line":181,"column":0},"end":{"line":181,"column":18}},"181":{"start":{"line":182,"column":0},"end":{"line":182,"column":72}},"182":{"start":{"line":183,"column":0},"end":{"line":183,"column":2}},"183":{"start":{"line":184,"column":0},"end":{"line":184,"column":63}},"184":{"start":{"line":185,"column":0},"end":{"line":185,"column":67}},"185":{"start":{"line":186,"column":0},"end":{"line":186,"column":64}},"186":{"start":{"line":187,"column":0},"end":{"line":187,"column":45}},"187":{"start":{"line":188,"column":0},"end":{"line":188,"column":72}},"189":{"start":{"line":190,"column":0},"end":{"line":190,"column":3}},"190":{"start":{"line":191,"column":0},"end":{"line":191,"column":25}},"191":{"start":{"line":192,"column":0},"end":{"line":192,"column":108}},"192":{"start":{"line":193,"column":0},"end":{"line":193,"column":66}},"193":{"start":{"line":194,"column":0},"end":{"line":194,"column":87}},"194":{"start":{"line":195,"column":0},"end":{"line":195,"column":88}},"195":{"start":{"line":196,"column":0},"end":{"line":196,"column":31}},"196":{"start":{"line":197,"column":0},"end":{"line":197,"column":39}},"197":{"start":{"line":198,"column":0},"end":{"line":198,"column":101}},"198":{"start":{"line":199,"column":0},"end":{"line":199,"column":35}},"199":{"start":{"line":200,"column":0},"end":{"line":200,"column":3}},"200":{"start":{"line":201,"column":0},"end":{"line":201,"column":43}},"201":{"start":{"line":202,"column":0},"end":{"line":202,"column":12}},"202":{"start":{"line":203,"column":0},"end":{"line":203,"column":13}},"203":{"start":{"line":204,"column":0},"end":{"line":204,"column":13}},"204":{"start":{"line":205,"column":0},"end":{"line":205,"column":14}},"205":{"start":{"line":206,"column":0},"end":{"line":206,"column":8}},"206":{"start":{"line":207,"column":0},"end":{"line":207,"column":16}},"207":{"start":{"line":208,"column":0},"end":{"line":208,"column":12}},"208":{"start":{"line":209,"column":0},"end":{"line":209,"column":10}},"209":{"start":{"line":210,"column":0},"end":{"line":210,"column":4}},"210":{"start":{"line":211,"column":0},"end":{"line":211,"column":38}},"211":{"start":{"line":212,"column":0},"end":{"line":212,"column":39}},"213":{"start":{"line":214,"column":0},"end":{"line":214,"column":42}},"214":{"start":{"line":215,"column":0},"end":{"line":215,"column":50}},"216":{"start":{"line":217,"column":0},"end":{"line":217,"column":28}},"217":{"start":{"line":218,"column":0},"end":{"line":218,"column":24}},"218":{"start":{"line":219,"column":0},"end":{"line":219,"column":3}},"220":{"start":{"line":221,"column":0},"end":{"line":221,"column":39}},"221":{"start":{"line":222,"column":0},"end":{"line":222,"column":102}},"223":{"start":{"line":224,"column":0},"end":{"line":224,"column":7}},"224":{"start":{"line":225,"column":0},"end":{"line":225,"column":79}},"225":{"start":{"line":226,"column":0},"end":{"line":226,"column":21}},"226":{"start":{"line":227,"column":0},"end":{"line":227,"column":79}},"227":{"start":{"line":228,"column":0},"end":{"line":228,"column":5}},"228":{"start":{"line":229,"column":0},"end":{"line":229,"column":30}},"229":{"start":{"line":230,"column":0},"end":{"line":230,"column":26}},"230":{"start":{"line":231,"column":0},"end":{"line":231,"column":5}},"231":{"start":{"line":232,"column":0},"end":{"line":232,"column":90}},"232":{"start":{"line":233,"column":0},"end":{"line":233,"column":59}},"233":{"start":{"line":234,"column":0},"end":{"line":234,"column":15}},"234":{"start":{"line":235,"column":0},"end":{"line":235,"column":73}},"235":{"start":{"line":236,"column":0},"end":{"line":236,"column":3}},"236":{"start":{"line":237,"column":0},"end":{"line":237,"column":1}},"238":{"start":{"line":239,"column":0},"end":{"line":239,"column":3}},"239":{"start":{"line":240,"column":0},"end":{"line":240,"column":25}},"240":{"start":{"line":241,"column":0},"end":{"line":241,"column":79}},"241":{"start":{"line":242,"column":0},"end":{"line":242,"column":57}},"242":{"start":{"line":243,"column":0},"end":{"line":243,"column":37}},"243":{"start":{"line":244,"column":0},"end":{"line":244,"column":35}},"244":{"start":{"line":245,"column":0},"end":{"line":245,"column":33}},"245":{"start":{"line":246,"column":0},"end":{"line":246,"column":3}},"246":{"start":{"line":247,"column":0},"end":{"line":247,"column":42}},"247":{"start":{"line":248,"column":0},"end":{"line":248,"column":12}},"248":{"start":{"line":249,"column":0},"end":{"line":249,"column":9}},"249":{"start":{"line":250,"column":0},"end":{"line":250,"column":14}},"250":{"start":{"line":251,"column":0},"end":{"line":251,"column":10}},"251":{"start":{"line":252,"column":0},"end":{"line":252,"column":56}},"252":{"start":{"line":253,"column":0},"end":{"line":253,"column":4}},"253":{"start":{"line":254,"column":0},"end":{"line":254,"column":26}},"254":{"start":{"line":255,"column":0},"end":{"line":255,"column":23}},"256":{"start":{"line":257,"column":0},"end":{"line":257,"column":60}},"257":{"start":{"line":258,"column":0},"end":{"line":258,"column":34}},"258":{"start":{"line":259,"column":0},"end":{"line":259,"column":18}},"259":{"start":{"line":260,"column":0},"end":{"line":260,"column":68}},"260":{"start":{"line":261,"column":0},"end":{"line":261,"column":34}},"261":{"start":{"line":262,"column":0},"end":{"line":262,"column":14}},"262":{"start":{"line":263,"column":0},"end":{"line":263,"column":5}},"263":{"start":{"line":264,"column":0},"end":{"line":264,"column":61}},"265":{"start":{"line":266,"column":0},"end":{"line":266,"column":9}},"266":{"start":{"line":267,"column":0},"end":{"line":267,"column":36}},"267":{"start":{"line":268,"column":0},"end":{"line":268,"column":40}},"268":{"start":{"line":269,"column":0},"end":{"line":269,"column":17}},"269":{"start":{"line":270,"column":0},"end":{"line":270,"column":57}},"270":{"start":{"line":271,"column":0},"end":{"line":271,"column":31}},"271":{"start":{"line":272,"column":0},"end":{"line":272,"column":45}},"272":{"start":{"line":273,"column":0},"end":{"line":273,"column":55}},"273":{"start":{"line":274,"column":0},"end":{"line":274,"column":57}},"274":{"start":{"line":275,"column":0},"end":{"line":275,"column":44}},"276":{"start":{"line":277,"column":0},"end":{"line":277,"column":38}},"278":{"start":{"line":279,"column":0},"end":{"line":279,"column":20}},"279":{"start":{"line":280,"column":0},"end":{"line":280,"column":20}},"280":{"start":{"line":281,"column":0},"end":{"line":281,"column":97}},"281":{"start":{"line":282,"column":0},"end":{"line":282,"column":7}},"282":{"start":{"line":283,"column":0},"end":{"line":283,"column":24}},"283":{"start":{"line":284,"column":0},"end":{"line":284,"column":5}},"284":{"start":{"line":285,"column":0},"end":{"line":285,"column":3}},"286":{"start":{"line":287,"column":0},"end":{"line":287,"column":90}},"287":{"start":{"line":288,"column":0},"end":{"line":288,"column":1}}},"s":{"0":1,"1":1,"2":1,"3":1,"4":1,"5":1,"6":1,"7":1,"8":1,"9":1,"10":1,"11":1,"12":1,"13":1,"15":1,"16":1,"17":1,"19":1,"20":1,"22":1,"23":1,"25":1,"26":1,"27":1,"28":1,"29":1,"30":1,"31":1,"32":1,"34":1,"35":31,"36":31,"37":31,"38":31,"39":20,"40":20,"41":16,"42":16,"43":11,"44":11,"45":31,"46":31,"47":31,"48":31,"49":31,"50":31,"51":5,"52":5,"53":5,"55":1,"56":1,"57":1,"58":1,"59":1,"60":1,"61":1,"62":1,"63":1,"64":1,"65":1,"66":1,"67":7,"68":7,"69":7,"70":7,"71":7,"72":7,"73":7,"74":7,"75":7,"76":7,"77":7,"79":7,"80":17,"81":17,"82":17,"83":1,"84":1,"85":3,"86":17,"87":14,"89":14,"90":1,"91":1,"92":1,"94":14,"95":3,"96":3,"97":3,"99":14,"100":14,"101":1,"102":1,"103":10,"104":10,"105":17,"107":0,"108":0,"110":1,"111":1,"112":1,"113":1,"114":1,"115":1,"116":1,"117":1,"119":1,"120":1,"121":1,"122":1,"123":1,"124":1,"125":1,"126":1,"127":1,"128":1,"129":7,"130":7,"131":7,"132":7,"133":7,"134":7,"135":7,"136":7,"137":7,"138":7,"139":7,"140":7,"142":7,"143":11,"144":11,"145":11,"146":7,"148":7,"149":7,"150":7,"151":6,"152":6,"153":6,"154":6,"155":6,"156":6,"157":7,"158":5,"159":7,"160":1,"161":1,"163":7,"165":4,"166":4,"167":7,"169":7,"170":0,"171":0,"172":4,"173":4,"174":11,"176":0,"177":0,"179":1,"180":1,"181":1,"182":1,"183":1,"184":1,"185":1,"186":1,"187":1,"189":1,"190":1,"191":1,"192":1,"193":1,"194":1,"195":1,"196":1,"197":1,"198":1,"199":1,"200":1,"201":7,"202":7,"203":7,"204":7,"205":7,"206":7,"207":7,"208":7,"209":7,"210":7,"211":7,"213":6,"214":6,"216":7,"217":1,"218":1,"220":5,"221":7,"223":5,"224":5,"225":7,"226":1,"227":1,"228":7,"229":1,"230":1,"231":7,"232":2,"233":7,"234":1,"235":1,"236":7,"238":1,"239":1,"240":1,"241":1,"242":1,"243":1,"244":1,"245":1,"246":1,"247":6,"248":6,"249":6,"250":6,"251":6,"252":6,"253":6,"254":6,"256":6,"257":10,"258":10,"259":1,"260":1,"261":1,"262":1,"263":10,"265":9,"266":9,"267":3,"268":10,"269":6,"270":6,"271":6,"272":6,"273":6,"274":6,"276":6,"278":5,"279":6,"280":0,"281":0,"282":5,"283":5,"284":10,"286":6,"287":6},"branchMap":{"0":{"type":"branch","line":35,"loc":{"start":{"line":35,"column":7},"end":{"line":54,"column":1}},"locations":[{"start":{"line":35,"column":7},"end":{"line":54,"column":1}}]},"1":{"type":"branch","line":36,"loc":{"start":{"line":36,"column":24},"end":{"line":36,"column":33}},"locations":[{"start":{"line":36,"column":24},"end":{"line":36,"column":33}}]},"2":{"type":"branch","line":36,"loc":{"start":{"line":36,"column":34},"end":{"line":36,"column":40}},"locations":[{"start":{"line":36,"column":34},"end":{"line":36,"column":40}}]},"3":{"type":"branch","line":36,"loc":{"start":{"line":36,"column":41},"end":{"line":36,"column":46}},"locations":[{"start":{"line":36,"column":41},"end":{"line":36,"column":46}}]},"4":{"type":"branch","line":39,"loc":{"start":{"line":39,"column":19},"end":{"line":43,"column":3}},"locations":[{"start":{"line":39,"column":19},"end":{"line":43,"column":3}}]},"5":{"type":"branch","line":41,"loc":{"start":{"line":41,"column":38},"end":{"line":41,"column":55}},"locations":[{"start":{"line":41,"column":38},"end":{"line":41,"column":55}}]},"6":{"type":"branch","line":41,"loc":{"start":{"line":41,"column":57},"end":{"line":41,"column":70}},"locations":[{"start":{"line":41,"column":57},"end":{"line":41,"column":70}}]},"7":{"type":"branch","line":41,"loc":{"start":{"line":41,"column":69},"end":{"line":43,"column":3}},"locations":[{"start":{"line":41,"column":69},"end":{"line":43,"column":3}}]},"8":{"type":"branch","line":43,"loc":{"start":{"line":43,"column":2},"end":{"line":46,"column":41}},"locations":[{"start":{"line":43,"column":2},"end":{"line":46,"column":41}}]},"9":{"type":"branch","line":46,"loc":{"start":{"line":46,"column":41},"end":{"line":46,"column":54}},"locations":[{"start":{"line":46,"column":41},"end":{"line":46,"column":54}}]},"10":{"type":"branch","line":46,"loc":{"start":{"line":46,"column":53},"end":{"line":47,"column":32}},"locations":[{"start":{"line":46,"column":53},"end":{"line":47,"column":32}}]},"11":{"type":"branch","line":47,"loc":{"start":{"line":47,"column":32},"end":{"line":47,"column":45}},"locations":[{"start":{"line":47,"column":32},"end":{"line":47,"column":45}}]},"12":{"type":"branch","line":47,"loc":{"start":{"line":47,"column":44},"end":{"line":48,"column":40}},"locations":[{"start":{"line":47,"column":44},"end":{"line":48,"column":40}}]},"13":{"type":"branch","line":48,"loc":{"start":{"line":48,"column":40},"end":{"line":48,"column":53}},"locations":[{"start":{"line":48,"column":40},"end":{"line":48,"column":53}}]},"14":{"type":"branch","line":48,"loc":{"start":{"line":48,"column":52},"end":{"line":49,"column":41}},"locations":[{"start":{"line":48,"column":52},"end":{"line":49,"column":41}}]},"15":{"type":"branch","line":49,"loc":{"start":{"line":49,"column":41},"end":{"line":49,"column":54}},"locations":[{"start":{"line":49,"column":41},"end":{"line":49,"column":54}}]},"16":{"type":"branch","line":49,"loc":{"start":{"line":49,"column":53},"end":{"line":50,"column":37}},"locations":[{"start":{"line":49,"column":53},"end":{"line":50,"column":37}}]},"17":{"type":"branch","line":50,"loc":{"start":{"line":50,"column":37},"end":{"line":50,"column":50}},"locations":[{"start":{"line":50,"column":37},"end":{"line":50,"column":50}}]},"18":{"type":"branch","line":50,"loc":{"start":{"line":50,"column":49},"end":{"line":51,"column":40}},"locations":[{"start":{"line":50,"column":49},"end":{"line":51,"column":40}}]},"19":{"type":"branch","line":51,"loc":{"start":{"line":51,"column":40},"end":{"line":51,"column":53}},"locations":[{"start":{"line":51,"column":40},"end":{"line":51,"column":53}}]},"20":{"type":"branch","line":51,"loc":{"start":{"line":51,"column":52},"end":{"line":54,"column":1}},"locations":[{"start":{"line":51,"column":52},"end":{"line":54,"column":1}}]},"21":{"type":"branch","line":67,"loc":{"start":{"line":67,"column":7},"end":{"line":109,"column":1}},"locations":[{"start":{"line":67,"column":7},"end":{"line":109,"column":1}}]},"22":{"type":"branch","line":80,"loc":{"start":{"line":80,"column":59},"end":{"line":106,"column":3}},"locations":[{"start":{"line":80,"column":59},"end":{"line":106,"column":3}}]},"23":{"type":"branch","line":82,"loc":{"start":{"line":82,"column":44},"end":{"line":83,"column":22}},"locations":[{"start":{"line":82,"column":44},"end":{"line":83,"column":22}}]},"24":{"type":"branch","line":83,"loc":{"start":{"line":83,"column":22},"end":{"line":83,"column":32}},"locations":[{"start":{"line":83,"column":22},"end":{"line":83,"column":32}}]},"25":{"type":"branch","line":83,"loc":{"start":{"line":83,"column":34},"end":{"line":85,"column":7}},"locations":[{"start":{"line":83,"column":34},"end":{"line":85,"column":7}}]},"26":{"type":"branch","line":85,"loc":{"start":{"line":85,"column":6},"end":{"line":87,"column":6}},"locations":[{"start":{"line":85,"column":6},"end":{"line":87,"column":6}}]},"27":{"type":"branch","line":87,"loc":{"start":{"line":87,"column":6},"end":{"line":105,"column":5}},"locations":[{"start":{"line":87,"column":6},"end":{"line":105,"column":5}}]},"28":{"type":"branch","line":90,"loc":{"start":{"line":90,"column":35},"end":{"line":93,"column":7}},"locations":[{"start":{"line":90,"column":35},"end":{"line":93,"column":7}}]},"29":{"type":"branch","line":91,"loc":{"start":{"line":91,"column":21},"end":{"line":91,"column":84}},"locations":[{"start":{"line":91,"column":21},"end":{"line":91,"column":84}}]},"30":{"type":"branch","line":93,"loc":{"start":{"line":93,"column":6},"end":{"line":95,"column":35}},"locations":[{"start":{"line":93,"column":6},"end":{"line":95,"column":35}}]},"31":{"type":"branch","line":95,"loc":{"start":{"line":95,"column":35},"end":{"line":98,"column":7}},"locations":[{"start":{"line":95,"column":35},"end":{"line":98,"column":7}}]},"32":{"type":"branch","line":96,"loc":{"start":{"line":96,"column":21},"end":{"line":96,"column":96}},"locations":[{"start":{"line":96,"column":21},"end":{"line":96,"column":96}}]},"33":{"type":"branch","line":98,"loc":{"start":{"line":98,"column":6},"end":{"line":100,"column":45}},"locations":[{"start":{"line":98,"column":6},"end":{"line":100,"column":45}}]},"34":{"type":"branch","line":100,"loc":{"start":{"line":100,"column":45},"end":{"line":100,"column":79}},"locations":[{"start":{"line":100,"column":45},"end":{"line":100,"column":79}}]},"35":{"type":"branch","line":100,"loc":{"start":{"line":100,"column":80},"end":{"line":100,"column":87}},"locations":[{"start":{"line":100,"column":80},"end":{"line":100,"column":87}}]},"36":{"type":"branch","line":101,"loc":{"start":{"line":101,"column":19},"end":{"line":103,"column":7}},"locations":[{"start":{"line":101,"column":19},"end":{"line":103,"column":7}}]},"37":{"type":"branch","line":103,"loc":{"start":{"line":103,"column":6},"end":{"line":105,"column":5}},"locations":[{"start":{"line":103,"column":6},"end":{"line":105,"column":5}}]},"38":{"type":"branch","line":106,"loc":{"start":{"line":106,"column":2},"end":{"line":109,"column":1}},"locations":[{"start":{"line":106,"column":2},"end":{"line":109,"column":1}}]},"39":{"type":"branch","line":129,"loc":{"start":{"line":129,"column":7},"end":{"line":178,"column":1}},"locations":[{"start":{"line":129,"column":7},"end":{"line":178,"column":1}}]},"40":{"type":"branch","line":143,"loc":{"start":{"line":143,"column":59},"end":{"line":175,"column":3}},"locations":[{"start":{"line":143,"column":59},"end":{"line":175,"column":3}}]},"41":{"type":"branch","line":146,"loc":{"start":{"line":146,"column":6},"end":{"line":174,"column":5}},"locations":[{"start":{"line":146,"column":6},"end":{"line":174,"column":5}}]},"42":{"type":"branch","line":149,"loc":{"start":{"line":149,"column":36},"end":{"line":149,"column":41}},"locations":[{"start":{"line":149,"column":36},"end":{"line":149,"column":41}}]},"43":{"type":"branch","line":151,"loc":{"start":{"line":151,"column":23},"end":{"line":158,"column":40}},"locations":[{"start":{"line":151,"column":23},"end":{"line":158,"column":40}}]},"44":{"type":"branch","line":153,"loc":{"start":{"line":153,"column":42},"end":{"line":153,"column":59}},"locations":[{"start":{"line":153,"column":42},"end":{"line":153,"column":59}}]},"45":{"type":"branch","line":153,"loc":{"start":{"line":153,"column":61},"end":{"line":153,"column":69}},"locations":[{"start":{"line":153,"column":61},"end":{"line":153,"column":69}}]},"46":{"type":"branch","line":158,"loc":{"start":{"line":158,"column":41},"end":{"line":159,"column":39}},"locations":[{"start":{"line":158,"column":41},"end":{"line":159,"column":39}}]},"47":{"type":"branch","line":160,"loc":{"start":{"line":160,"column":8},"end":{"line":162,"column":7}},"locations":[{"start":{"line":160,"column":8},"end":{"line":162,"column":7}}]},"48":{"type":"branch","line":162,"loc":{"start":{"line":162,"column":6},"end":{"line":164,"column":35}},"locations":[{"start":{"line":162,"column":6},"end":{"line":164,"column":35}}]},"49":{"type":"branch","line":164,"loc":{"start":{"line":164,"column":35},"end":{"line":164,"column":43}},"locations":[{"start":{"line":164,"column":35},"end":{"line":164,"column":43}}]},"50":{"type":"branch","line":164,"loc":{"start":{"line":164,"column":42},"end":{"line":167,"column":19}},"locations":[{"start":{"line":164,"column":42},"end":{"line":167,"column":19}}]},"51":{"type":"branch","line":168,"loc":{"start":{"line":168,"column":8},"end":{"line":168,"column":42}},"locations":[{"start":{"line":168,"column":8},"end":{"line":168,"column":42}}]},"52":{"type":"branch","line":170,"loc":{"start":{"line":170,"column":19},"end":{"line":172,"column":7}},"locations":[{"start":{"line":170,"column":19},"end":{"line":172,"column":7}}]},"53":{"type":"branch","line":172,"loc":{"start":{"line":172,"column":6},"end":{"line":174,"column":5}},"locations":[{"start":{"line":172,"column":6},"end":{"line":174,"column":5}}]},"54":{"type":"branch","line":175,"loc":{"start":{"line":175,"column":2},"end":{"line":178,"column":1}},"locations":[{"start":{"line":175,"column":2},"end":{"line":178,"column":1}}]},"55":{"type":"branch","line":201,"loc":{"start":{"line":201,"column":7},"end":{"line":237,"column":1}},"locations":[{"start":{"line":201,"column":7},"end":{"line":237,"column":1}}]},"56":{"type":"branch","line":212,"loc":{"start":{"line":212,"column":19},"end":{"line":212,"column":39}},"locations":[{"start":{"line":212,"column":19},"end":{"line":212,"column":39}}]},"57":{"type":"branch","line":212,"loc":{"start":{"line":212,"column":38},"end":{"line":217,"column":27}},"locations":[{"start":{"line":212,"column":38},"end":{"line":217,"column":27}}]},"58":{"type":"branch","line":217,"loc":{"start":{"line":217,"column":27},"end":{"line":219,"column":3}},"locations":[{"start":{"line":217,"column":27},"end":{"line":219,"column":3}}]},"59":{"type":"branch","line":219,"loc":{"start":{"line":219,"column":2},"end":{"line":222,"column":15}},"locations":[{"start":{"line":219,"column":2},"end":{"line":222,"column":15}}]},"60":{"type":"branch","line":222,"loc":{"start":{"line":222,"column":15},"end":{"line":222,"column":102}},"locations":[{"start":{"line":222,"column":15},"end":{"line":222,"column":102}}]},"61":{"type":"branch","line":222,"loc":{"start":{"line":222,"column":101},"end":{"line":225,"column":79}},"locations":[{"start":{"line":222,"column":101},"end":{"line":225,"column":79}}]},"62":{"type":"branch","line":225,"loc":{"start":{"line":225,"column":78},"end":{"line":226,"column":20}},"locations":[{"start":{"line":225,"column":78},"end":{"line":226,"column":20}}]},"63":{"type":"branch","line":226,"loc":{"start":{"line":226,"column":20},"end":{"line":228,"column":5}},"locations":[{"start":{"line":226,"column":20},"end":{"line":228,"column":5}}]},"64":{"type":"branch","line":227,"loc":{"start":{"line":227,"column":47},"end":{"line":227,"column":76}},"locations":[{"start":{"line":227,"column":47},"end":{"line":227,"column":76}}]},"65":{"type":"branch","line":228,"loc":{"start":{"line":228,"column":4},"end":{"line":229,"column":29}},"locations":[{"start":{"line":228,"column":4},"end":{"line":229,"column":29}}]},"66":{"type":"branch","line":229,"loc":{"start":{"line":229,"column":29},"end":{"line":231,"column":5}},"locations":[{"start":{"line":229,"column":29},"end":{"line":231,"column":5}}]},"67":{"type":"branch","line":231,"loc":{"start":{"line":231,"column":4},"end":{"line":232,"column":17}},"locations":[{"start":{"line":231,"column":4},"end":{"line":232,"column":17}}]},"68":{"type":"branch","line":232,"loc":{"start":{"line":232,"column":17},"end":{"line":232,"column":90}},"locations":[{"start":{"line":232,"column":17},"end":{"line":232,"column":90}}]},"69":{"type":"branch","line":232,"loc":{"start":{"line":232,"column":89},"end":{"line":234,"column":4}},"locations":[{"start":{"line":232,"column":89},"end":{"line":234,"column":4}}]},"70":{"type":"branch","line":234,"loc":{"start":{"line":234,"column":4},"end":{"line":236,"column":3}},"locations":[{"start":{"line":234,"column":4},"end":{"line":236,"column":3}}]},"71":{"type":"branch","line":235,"loc":{"start":{"line":235,"column":43},"end":{"line":235,"column":70}},"locations":[{"start":{"line":235,"column":43},"end":{"line":235,"column":70}}]},"72":{"type":"branch","line":247,"loc":{"start":{"line":247,"column":7},"end":{"line":288,"column":1}},"locations":[{"start":{"line":247,"column":7},"end":{"line":288,"column":1}}]},"73":{"type":"branch","line":257,"loc":{"start":{"line":257,"column":59},"end":{"line":285,"column":3}},"locations":[{"start":{"line":257,"column":59},"end":{"line":285,"column":3}}]},"74":{"type":"branch","line":259,"loc":{"start":{"line":259,"column":17},"end":{"line":263,"column":5}},"locations":[{"start":{"line":259,"column":17},"end":{"line":263,"column":5}}]},"75":{"type":"branch","line":263,"loc":{"start":{"line":263,"column":4},"end":{"line":264,"column":26}},"locations":[{"start":{"line":263,"column":4},"end":{"line":264,"column":26}}]},"76":{"type":"branch","line":264,"loc":{"start":{"line":264,"column":26},"end":{"line":264,"column":61}},"locations":[{"start":{"line":264,"column":26},"end":{"line":264,"column":61}}]},"77":{"type":"branch","line":264,"loc":{"start":{"line":264,"column":60},"end":{"line":267,"column":36}},"locations":[{"start":{"line":264,"column":60},"end":{"line":267,"column":36}}]},"78":{"type":"branch","line":267,"loc":{"start":{"line":267,"column":35},"end":{"line":269,"column":6}},"locations":[{"start":{"line":267,"column":35},"end":{"line":269,"column":6}}]},"79":{"type":"branch","line":269,"loc":{"start":{"line":269,"column":6},"end":{"line":284,"column":5}},"locations":[{"start":{"line":269,"column":6},"end":{"line":284,"column":5}}]},"80":{"type":"branch","line":270,"loc":{"start":{"line":270,"column":29},"end":{"line":270,"column":41}},"locations":[{"start":{"line":270,"column":29},"end":{"line":270,"column":41}}]},"81":{"type":"branch","line":272,"loc":{"start":{"line":272,"column":43},"end":{"line":273,"column":52}},"locations":[{"start":{"line":272,"column":43},"end":{"line":273,"column":52}}]},"82":{"type":"branch","line":273,"loc":{"start":{"line":273,"column":53},"end":{"line":274,"column":54}},"locations":[{"start":{"line":273,"column":53},"end":{"line":274,"column":54}}]},"83":{"type":"branch","line":274,"loc":{"start":{"line":274,"column":55},"end":{"line":275,"column":43}},"locations":[{"start":{"line":274,"column":55},"end":{"line":275,"column":43}}]},"84":{"type":"branch","line":277,"loc":{"start":{"line":277,"column":30},"end":{"line":277,"column":38}},"locations":[{"start":{"line":277,"column":30},"end":{"line":277,"column":38}}]},"85":{"type":"branch","line":277,"loc":{"start":{"line":277,"column":37},"end":{"line":280,"column":19}},"locations":[{"start":{"line":277,"column":37},"end":{"line":280,"column":19}}]},"86":{"type":"branch","line":280,"loc":{"start":{"line":280,"column":19},"end":{"line":282,"column":7}},"locations":[{"start":{"line":280,"column":19},"end":{"line":282,"column":7}}]},"87":{"type":"branch","line":282,"loc":{"start":{"line":282,"column":6},"end":{"line":284,"column":5}},"locations":[{"start":{"line":282,"column":6},"end":{"line":284,"column":5}}]},"88":{"type":"branch","line":285,"loc":{"start":{"line":285,"column":2},"end":{"line":287,"column":86}},"locations":[{"start":{"line":285,"column":2},"end":{"line":287,"column":86}}]}},"b":{"0":[31],"1":[29],"2":[3],"3":[2],"4":[20],"5":[5],"6":[4],"7":[16],"8":[11],"9":[1],"10":[10],"11":[1],"12":[9],"13":[1],"14":[8],"15":[1],"16":[7],"17":[1],"18":[6],"19":[1],"20":[5],"21":[7],"22":[17],"23":[3],"24":[2],"25":[1],"26":[3],"27":[14],"28":[1],"29":[0],"30":[13],"31":[3],"32":[0],"33":[10],"34":[1],"35":[0],"36":[1],"37":[10],"38":[0],"39":[7],"40":[11],"41":[7],"42":[0],"43":[6],"44":[1],"45":[1],"46":[5],"47":[1],"48":[5],"49":[1],"50":[4],"51":[0],"52":[0],"53":[4],"54":[0],"55":[7],"56":[1],"57":[6],"58":[1],"59":[5],"60":[0],"61":[5],"62":[4],"63":[1],"64":[0],"65":[3],"66":[1],"67":[2],"68":[0],"69":[2],"70":[1],"71":[0],"72":[6],"73":[10],"74":[1],"75":[9],"76":[2],"77":[9],"78":[3],"79":[6],"80":[0],"81":[1],"82":[1],"83":[1],"84":[1],"85":[5],"86":[0],"87":[5],"88":[1]},"fnMap":{"0":{"name":"isRetryableFeeError","decl":{"start":{"line":35,"column":7},"end":{"line":54,"column":1}},"loc":{"start":{"line":35,"column":7},"end":{"line":54,"column":1}},"line":35},"1":{"name":"recordFeeWithRetry","decl":{"start":{"line":67,"column":7},"end":{"line":109,"column":1}},"loc":{"start":{"line":67,"column":7},"end":{"line":109,"column":1}},"line":67},"2":{"name":"sleep","decl":{"start":{"line":75,"column":10},"end":{"line":75,"column":55}},"loc":{"start":{"line":75,"column":10},"end":{"line":75,"column":55}},"line":75},"3":{"name":"commitSweepWithRetry","decl":{"start":{"line":129,"column":7},"end":{"line":178,"column":1}},"loc":{"start":{"line":129,"column":7},"end":{"line":178,"column":1}},"line":129},"4":{"name":"sleep","decl":{"start":{"line":138,"column":10},"end":{"line":138,"column":55}},"loc":{"start":{"line":138,"column":10},"end":{"line":138,"column":55}},"line":138},"5":{"name":"ensureWalletGasOnce","decl":{"start":{"line":201,"column":7},"end":{"line":237,"column":1}},"loc":{"start":{"line":201,"column":7},"end":{"line":237,"column":1}},"line":201},"6":{"name":"withGasSponsorship","decl":{"start":{"line":247,"column":7},"end":{"line":288,"column":1}},"loc":{"start":{"line":247,"column":7},"end":{"line":288,"column":1}},"line":247},"7":{"name":"sleep","decl":{"start":{"line":252,"column":10},"end":{"line":252,"column":55}},"loc":{"start":{"line":252,"column":10},"end":{"line":252,"column":55}},"line":252}},"f":{"0":31,"1":7,"2":0,"3":7,"4":0,"5":7,"6":6,"7":0}}
,"C:\\Users\\small\\sweep-clean\\src\\scrub.js": {"path":"C:\\Users\\small\\sweep-clean\\src\\scrub.js","all":false,"statementMap":{"0":{"start":{"line":1,"column":0},"end":{"line":1,"column":3}},"1":{"start":{"line":2,"column":0},"end":{"line":2,"column":64}},"2":{"start":{"line":3,"column":0},"end":{"line":3,"column":2}},"3":{"start":{"line":4,"column":0},"end":{"line":4,"column":69}},"4":{"start":{"line":5,"column":0},"end":{"line":5,"column":65}},"5":{"start":{"line":6,"column":0},"end":{"line":6,"column":68}},"6":{"start":{"line":7,"column":0},"end":{"line":7,"column":65}},"7":{"start":{"line":8,"column":0},"end":{"line":8,"column":25}},"8":{"start":{"line":9,"column":0},"end":{"line":9,"column":2}},"9":{"start":{"line":10,"column":0},"end":{"line":10,"column":12}},"10":{"start":{"line":11,"column":0},"end":{"line":11,"column":61}},"11":{"start":{"line":12,"column":0},"end":{"line":12,"column":71}},"12":{"start":{"line":13,"column":0},"end":{"line":13,"column":53}},"13":{"start":{"line":14,"column":0},"end":{"line":14,"column":2}},"14":{"start":{"line":15,"column":0},"end":{"line":15,"column":65}},"15":{"start":{"line":16,"column":0},"end":{"line":16,"column":62}},"16":{"start":{"line":17,"column":0},"end":{"line":17,"column":70}},"17":{"start":{"line":18,"column":0},"end":{"line":18,"column":66}},"18":{"start":{"line":19,"column":0},"end":{"line":19,"column":64}},"19":{"start":{"line":20,"column":0},"end":{"line":20,"column":54}},"20":{"start":{"line":21,"column":0},"end":{"line":21,"column":2}},"21":{"start":{"line":22,"column":0},"end":{"line":22,"column":69}},"22":{"start":{"line":23,"column":0},"end":{"line":23,"column":69}},"23":{"start":{"line":24,"column":0},"end":{"line":24,"column":69}},"24":{"start":{"line":25,"column":0},"end":{"line":25,"column":33}},"25":{"start":{"line":26,"column":0},"end":{"line":26,"column":3}},"27":{"start":{"line":28,"column":0},"end":{"line":28,"column":35}},"28":{"start":{"line":29,"column":0},"end":{"line":29,"column":31}},"29":{"start":{"line":30,"column":0},"end":{"line":30,"column":10}},"30":{"start":{"line":31,"column":0},"end":{"line":31,"column":77}},"31":{"start":{"line":32,"column":0},"end":{"line":32,"column":55}},"32":{"start":{"line":33,"column":0},"end":{"line":33,"column":1}}},"s":{"0":1,"1":1,"2":1,"3":1,"4":1,"5":1,"6":1,"7":1,"8":1,"9":1,"10":1,"11":1,"12":1,"13":1,"14":1,"15":1,"16":1,"17":1,"18":1,"19":1,"20":1,"21":1,"22":1,"23":1,"24":1,"25":1,"27":1,"28":19,"29":19,"30":19,"31":19,"32":19},"branchMap":{"0":{"type":"branch","line":28,"loc":{"start":{"line":28,"column":7},"end":{"line":33,"column":1}},"locations":[{"start":{"line":28,"column":7},"end":{"line":33,"column":1}}]},"1":{"type":"branch","line":29,"loc":{"start":{"line":29,"column":24},"end":{"line":29,"column":29}},"locations":[{"start":{"line":29,"column":24},"end":{"line":29,"column":29}}]}},"b":{"0":[19],"1":[2]},"fnMap":{"0":{"name":"scrubSecret","decl":{"start":{"line":28,"column":7},"end":{"line":33,"column":1}},"loc":{"start":{"line":28,"column":7},"end":{"line":33,"column":1}},"line":28}},"f":{"0":19}}
,"C:\\Users\\small\\sweep-clean\\worker\\payment-worker.js": {"path":"C:\\Users\\small\\sweep-clean\\worker\\payment-worker.js","all":false,"statementMap":{"0":{"start":{"line":1,"column":0},"end":{"line":1,"column":3}},"1":{"start":{"line":2,"column":0},"end":{"line":2,"column":40}},"2":{"start":{"line":3,"column":0},"end":{"line":3,"column":72}},"3":{"start":{"line":4,"column":0},"end":{"line":4,"column":13}},"4":{"start":{"line":5,"column":0},"end":{"line":5,"column":70}},"5":{"start":{"line":6,"column":0},"end":{"line":6,"column":66}},"6":{"start":{"line":7,"column":0},"end":{"line":7,"column":69}},"7":{"start":{"line":8,"column":0},"end":{"line":8,"column":53}},"8":{"start":{"line":9,"column":0},"end":{"line":9,"column":70}},"9":{"start":{"line":10,"column":0},"end":{"line":10,"column":72}},"10":{"start":{"line":11,"column":0},"end":{"line":11,"column":69}},"11":{"start":{"line":12,"column":0},"end":{"line":12,"column":86}},"12":{"start":{"line":13,"column":0},"end":{"line":13,"column":56}},"13":{"start":{"line":14,"column":0},"end":{"line":14,"column":66}},"14":{"start":{"line":15,"column":0},"end":{"line":15,"column":65}},"15":{"start":{"line":16,"column":0},"end":{"line":16,"column":72}},"16":{"start":{"line":17,"column":0},"end":{"line":17,"column":47}},"17":{"start":{"line":18,"column":0},"end":{"line":18,"column":2}},"18":{"start":{"line":19,"column":0},"end":{"line":19,"column":20}},"19":{"start":{"line":20,"column":0},"end":{"line":20,"column":72}},"20":{"start":{"line":21,"column":0},"end":{"line":21,"column":66}},"21":{"start":{"line":22,"column":0},"end":{"line":22,"column":68}},"22":{"start":{"line":23,"column":0},"end":{"line":23,"column":56}},"23":{"start":{"line":24,"column":0},"end":{"line":24,"column":19}},"24":{"start":{"line":25,"column":0},"end":{"line":25,"column":71}},"25":{"start":{"line":26,"column":0},"end":{"line":26,"column":75}},"26":{"start":{"line":27,"column":0},"end":{"line":27,"column":74}},"27":{"start":{"line":28,"column":0},"end":{"line":28,"column":73}},"28":{"start":{"line":29,"column":0},"end":{"line":29,"column":70}},"29":{"start":{"line":30,"column":0},"end":{"line":30,"column":2}},"30":{"start":{"line":31,"column":0},"end":{"line":31,"column":17}},"31":{"start":{"line":32,"column":0},"end":{"line":32,"column":76}},"32":{"start":{"line":33,"column":0},"end":{"line":33,"column":71}},"33":{"start":{"line":34,"column":0},"end":{"line":34,"column":49}},"34":{"start":{"line":35,"column":0},"end":{"line":35,"column":3}},"38":{"start":{"line":39,"column":0},"end":{"line":39,"column":72}},"39":{"start":{"line":40,"column":0},"end":{"line":40,"column":9}},"40":{"start":{"line":41,"column":0},"end":{"line":41,"column":72}},"42":{"start":{"line":43,"column":0},"end":{"line":43,"column":17}},"43":{"start":{"line":44,"column":0},"end":{"line":44,"column":48}},"44":{"start":{"line":45,"column":0},"end":{"line":45,"column":49}},"45":{"start":{"line":46,"column":0},"end":{"line":46,"column":49}},"46":{"start":{"line":47,"column":0},"end":{"line":47,"column":49}},"47":{"start":{"line":48,"column":0},"end":{"line":48,"column":50}},"48":{"start":{"line":49,"column":0},"end":{"line":49,"column":2}},"50":{"start":{"line":51,"column":0},"end":{"line":51,"column":19}},"51":{"start":{"line":52,"column":0},"end":{"line":52,"column":80}},"52":{"start":{"line":53,"column":0},"end":{"line":53,"column":2}},"54":{"start":{"line":55,"column":0},"end":{"line":55,"column":25}},"55":{"start":{"line":56,"column":0},"end":{"line":56,"column":13}},"56":{"start":{"line":57,"column":0},"end":{"line":57,"column":55}},"57":{"start":{"line":58,"column":0},"end":{"line":58,"column":55}},"58":{"start":{"line":59,"column":0},"end":{"line":59,"column":4}},"59":{"start":{"line":60,"column":0},"end":{"line":60,"column":13}},"60":{"start":{"line":61,"column":0},"end":{"line":61,"column":55}},"61":{"start":{"line":62,"column":0},"end":{"line":62,"column":55}},"62":{"start":{"line":63,"column":0},"end":{"line":63,"column":4}},"63":{"start":{"line":64,"column":0},"end":{"line":64,"column":8}},"64":{"start":{"line":65,"column":0},"end":{"line":65,"column":55}},"65":{"start":{"line":66,"column":0},"end":{"line":66,"column":55}},"66":{"start":{"line":67,"column":0},"end":{"line":67,"column":4}},"67":{"start":{"line":68,"column":0},"end":{"line":68,"column":12}},"68":{"start":{"line":69,"column":0},"end":{"line":69,"column":55}},"69":{"start":{"line":70,"column":0},"end":{"line":70,"column":55}},"70":{"start":{"line":71,"column":0},"end":{"line":71,"column":4}},"71":{"start":{"line":72,"column":0},"end":{"line":72,"column":9}},"72":{"start":{"line":73,"column":0},"end":{"line":73,"column":55}},"73":{"start":{"line":74,"column":0},"end":{"line":74,"column":55}},"74":{"start":{"line":75,"column":0},"end":{"line":75,"column":4}},"75":{"start":{"line":76,"column":0},"end":{"line":76,"column":13}},"76":{"start":{"line":77,"column":0},"end":{"line":77,"column":55}},"77":{"start":{"line":78,"column":0},"end":{"line":78,"column":55}},"78":{"start":{"line":79,"column":0},"end":{"line":79,"column":4}},"79":{"start":{"line":80,"column":0},"end":{"line":80,"column":2}},"81":{"start":{"line":82,"column":0},"end":{"line":82,"column":17}},"82":{"start":{"line":83,"column":0},"end":{"line":83,"column":104}},"83":{"start":{"line":84,"column":0},"end":{"line":84,"column":104}},"84":{"start":{"line":85,"column":0},"end":{"line":85,"column":104}},"85":{"start":{"line":86,"column":0},"end":{"line":86,"column":104}},"86":{"start":{"line":87,"column":0},"end":{"line":87,"column":104}},"87":{"start":{"line":88,"column":0},"end":{"line":88,"column":104}},"88":{"start":{"line":89,"column":0},"end":{"line":89,"column":104}},"89":{"start":{"line":90,"column":0},"end":{"line":90,"column":104}},"90":{"start":{"line":91,"column":0},"end":{"line":91,"column":104}},"91":{"start":{"line":92,"column":0},"end":{"line":92,"column":104}},"92":{"start":{"line":93,"column":0},"end":{"line":93,"column":104}},"93":{"start":{"line":94,"column":0},"end":{"line":94,"column":104}},"94":{"start":{"line":95,"column":0},"end":{"line":95,"column":104}},"95":{"start":{"line":96,"column":0},"end":{"line":96,"column":104}},"96":{"start":{"line":97,"column":0},"end":{"line":97,"column":104}},"97":{"start":{"line":98,"column":0},"end":{"line":98,"column":2}},"99":{"start":{"line":100,"column":0},"end":{"line":100,"column":21}},"100":{"start":{"line":101,"column":0},"end":{"line":101,"column":50}},"101":{"start":{"line":102,"column":0},"end":{"line":102,"column":54}},"102":{"start":{"line":103,"column":0},"end":{"line":103,"column":50}},"103":{"start":{"line":104,"column":0},"end":{"line":104,"column":46}},"104":{"start":{"line":105,"column":0},"end":{"line":105,"column":53}},"105":{"start":{"line":106,"column":0},"end":{"line":106,"column":45}},"106":{"start":{"line":107,"column":0},"end":{"line":107,"column":2}},"108":{"start":{"line":109,"column":0},"end":{"line":109,"column":70}},"109":{"start":{"line":110,"column":0},"end":{"line":110,"column":59}},"110":{"start":{"line":111,"column":0},"end":{"line":111,"column":2}},"111":{"start":{"line":112,"column":0},"end":{"line":112,"column":70}},"112":{"start":{"line":113,"column":0},"end":{"line":113,"column":67}},"113":{"start":{"line":114,"column":0},"end":{"line":114,"column":48}},"114":{"start":{"line":115,"column":0},"end":{"line":115,"column":28}},"115":{"start":{"line":116,"column":0},"end":{"line":116,"column":21}},"116":{"start":{"line":117,"column":0},"end":{"line":117,"column":22}},"117":{"start":{"line":118,"column":0},"end":{"line":118,"column":22}},"118":{"start":{"line":119,"column":0},"end":{"line":119,"column":22}},"119":{"start":{"line":120,"column":0},"end":{"line":120,"column":19}},"120":{"start":{"line":121,"column":0},"end":{"line":121,"column":21}},"121":{"start":{"line":122,"column":0},"end":{"line":122,"column":2}},"123":{"start":{"line":124,"column":0},"end":{"line":124,"column":71}},"124":{"start":{"line":125,"column":0},"end":{"line":125,"column":67}},"125":{"start":{"line":126,"column":0},"end":{"line":126,"column":39}},"126":{"start":{"line":127,"column":0},"end":{"line":127,"column":25}},"127":{"start":{"line":128,"column":0},"end":{"line":128,"column":60}},"128":{"start":{"line":129,"column":0},"end":{"line":129,"column":47}},"129":{"start":{"line":130,"column":0},"end":{"line":130,"column":2}},"131":{"start":{"line":132,"column":0},"end":{"line":132,"column":28}},"132":{"start":{"line":133,"column":0},"end":{"line":133,"column":46}},"134":{"start":{"line":135,"column":0},"end":{"line":135,"column":70}},"135":{"start":{"line":136,"column":0},"end":{"line":136,"column":67}},"136":{"start":{"line":137,"column":0},"end":{"line":137,"column":70}},"137":{"start":{"line":138,"column":0},"end":{"line":138,"column":66}},"138":{"start":{"line":139,"column":0},"end":{"line":139,"column":18}},"139":{"start":{"line":140,"column":0},"end":{"line":140,"column":32}},"141":{"start":{"line":142,"column":0},"end":{"line":142,"column":68}},"142":{"start":{"line":143,"column":0},"end":{"line":143,"column":66}},"143":{"start":{"line":144,"column":0},"end":{"line":144,"column":47}},"144":{"start":{"line":145,"column":0},"end":{"line":145,"column":43}},"146":{"start":{"line":147,"column":0},"end":{"line":147,"column":65}},"147":{"start":{"line":148,"column":0},"end":{"line":148,"column":64}},"148":{"start":{"line":149,"column":0},"end":{"line":149,"column":20}},"149":{"start":{"line":150,"column":0},"end":{"line":150,"column":34}},"151":{"start":{"line":152,"column":0},"end":{"line":152,"column":29}},"152":{"start":{"line":153,"column":0},"end":{"line":153,"column":49}},"153":{"start":{"line":154,"column":0},"end":{"line":154,"column":42}},"154":{"start":{"line":155,"column":0},"end":{"line":155,"column":50}},"155":{"start":{"line":156,"column":0},"end":{"line":156,"column":28}},"156":{"start":{"line":157,"column":0},"end":{"line":157,"column":43}},"158":{"start":{"line":159,"column":0},"end":{"line":159,"column":64}},"159":{"start":{"line":160,"column":0},"end":{"line":160,"column":61}},"160":{"start":{"line":161,"column":0},"end":{"line":161,"column":15}},"161":{"start":{"line":162,"column":0},"end":{"line":162,"column":2}},"162":{"start":{"line":163,"column":0},"end":{"line":163,"column":67}},"163":{"start":{"line":164,"column":0},"end":{"line":164,"column":69}},"164":{"start":{"line":165,"column":0},"end":{"line":165,"column":69}},"165":{"start":{"line":166,"column":0},"end":{"line":166,"column":70}},"166":{"start":{"line":167,"column":0},"end":{"line":167,"column":66}},"167":{"start":{"line":168,"column":0},"end":{"line":168,"column":43}},"169":{"start":{"line":170,"column":0},"end":{"line":170,"column":72}},"170":{"start":{"line":171,"column":0},"end":{"line":171,"column":62}},"171":{"start":{"line":172,"column":0},"end":{"line":172,"column":72}},"172":{"start":{"line":173,"column":0},"end":{"line":173,"column":2}},"173":{"start":{"line":174,"column":0},"end":{"line":174,"column":70}},"174":{"start":{"line":175,"column":0},"end":{"line":175,"column":61}},"175":{"start":{"line":176,"column":0},"end":{"line":176,"column":71}},"176":{"start":{"line":177,"column":0},"end":{"line":177,"column":64}},"177":{"start":{"line":178,"column":0},"end":{"line":178,"column":28}},"178":{"start":{"line":179,"column":0},"end":{"line":179,"column":2}},"179":{"start":{"line":180,"column":0},"end":{"line":180,"column":64}},"180":{"start":{"line":181,"column":0},"end":{"line":181,"column":21}},"181":{"start":{"line":182,"column":0},"end":{"line":182,"column":2}},"182":{"start":{"line":183,"column":0},"end":{"line":183,"column":13}},"183":{"start":{"line":184,"column":0},"end":{"line":184,"column":52}},"184":{"start":{"line":185,"column":0},"end":{"line":185,"column":54}},"185":{"start":{"line":186,"column":0},"end":{"line":186,"column":71}},"186":{"start":{"line":187,"column":0},"end":{"line":187,"column":72}},"188":{"start":{"line":189,"column":0},"end":{"line":189,"column":41}},"189":{"start":{"line":190,"column":0},"end":{"line":190,"column":43}},"190":{"start":{"line":191,"column":0},"end":{"line":191,"column":65}},"192":{"start":{"line":193,"column":0},"end":{"line":193,"column":54}},"193":{"start":{"line":194,"column":0},"end":{"line":194,"column":35}},"194":{"start":{"line":195,"column":0},"end":{"line":195,"column":56}},"195":{"start":{"line":196,"column":0},"end":{"line":196,"column":3}},"196":{"start":{"line":197,"column":0},"end":{"line":197,"column":32}},"198":{"start":{"line":199,"column":0},"end":{"line":199,"column":33}},"199":{"start":{"line":200,"column":0},"end":{"line":200,"column":48}},"200":{"start":{"line":201,"column":0},"end":{"line":201,"column":3}},"202":{"start":{"line":203,"column":0},"end":{"line":203,"column":34}},"203":{"start":{"line":204,"column":0},"end":{"line":204,"column":39}},"204":{"start":{"line":205,"column":0},"end":{"line":205,"column":56}},"205":{"start":{"line":206,"column":0},"end":{"line":206,"column":101}},"206":{"start":{"line":207,"column":0},"end":{"line":207,"column":5}},"207":{"start":{"line":208,"column":0},"end":{"line":208,"column":100}},"208":{"start":{"line":209,"column":0},"end":{"line":209,"column":3}},"210":{"start":{"line":211,"column":0},"end":{"line":211,"column":108}},"211":{"start":{"line":212,"column":0},"end":{"line":212,"column":1}},"213":{"start":{"line":214,"column":0},"end":{"line":214,"column":72}},"214":{"start":{"line":215,"column":0},"end":{"line":215,"column":9}},"215":{"start":{"line":216,"column":0},"end":{"line":216,"column":72}},"217":{"start":{"line":218,"column":0},"end":{"line":218,"column":16}},"218":{"start":{"line":219,"column":0},"end":{"line":219,"column":29}},"219":{"start":{"line":220,"column":0},"end":{"line":220,"column":37}},"220":{"start":{"line":221,"column":0},"end":{"line":221,"column":30}},"222":{"start":{"line":223,"column":0},"end":{"line":223,"column":18}},"223":{"start":{"line":224,"column":0},"end":{"line":224,"column":41}},"224":{"start":{"line":225,"column":0},"end":{"line":225,"column":59}},"225":{"start":{"line":226,"column":0},"end":{"line":226,"column":72}},"226":{"start":{"line":227,"column":0},"end":{"line":227,"column":6}},"228":{"start":{"line":229,"column":0},"end":{"line":229,"column":39}},"229":{"start":{"line":230,"column":0},"end":{"line":230,"column":51}},"230":{"start":{"line":231,"column":0},"end":{"line":231,"column":5}},"232":{"start":{"line":233,"column":0},"end":{"line":233,"column":9}},"233":{"start":{"line":234,"column":0},"end":{"line":234,"column":99}},"235":{"start":{"line":236,"column":0},"end":{"line":236,"column":117}},"236":{"start":{"line":237,"column":0},"end":{"line":237,"column":118}},"238":{"start":{"line":239,"column":0},"end":{"line":239,"column":125}},"239":{"start":{"line":240,"column":0},"end":{"line":240,"column":125}},"240":{"start":{"line":241,"column":0},"end":{"line":241,"column":120}},"241":{"start":{"line":242,"column":0},"end":{"line":242,"column":120}},"243":{"start":{"line":244,"column":0},"end":{"line":244,"column":114}},"245":{"start":{"line":246,"column":0},"end":{"line":246,"column":116}},"247":{"start":{"line":248,"column":0},"end":{"line":248,"column":121}},"248":{"start":{"line":249,"column":0},"end":{"line":249,"column":122}},"249":{"start":{"line":250,"column":0},"end":{"line":250,"column":128}},"250":{"start":{"line":251,"column":0},"end":{"line":251,"column":122}},"252":{"start":{"line":253,"column":0},"end":{"line":253,"column":53}},"253":{"start":{"line":254,"column":0},"end":{"line":254,"column":19}},"254":{"start":{"line":255,"column":0},"end":{"line":255,"column":80}},"255":{"start":{"line":256,"column":0},"end":{"line":256,"column":65}},"256":{"start":{"line":257,"column":0},"end":{"line":257,"column":76}},"257":{"start":{"line":258,"column":0},"end":{"line":258,"column":58}},"258":{"start":{"line":259,"column":0},"end":{"line":259,"column":5}},"259":{"start":{"line":260,"column":0},"end":{"line":260,"column":4}},"260":{"start":{"line":261,"column":0},"end":{"line":261,"column":2}},"262":{"start":{"line":263,"column":0},"end":{"line":263,"column":72}},"263":{"start":{"line":264,"column":0},"end":{"line":264,"column":17}},"264":{"start":{"line":265,"column":0},"end":{"line":265,"column":72}},"266":{"start":{"line":267,"column":0},"end":{"line":267,"column":61}},"267":{"start":{"line":268,"column":0},"end":{"line":268,"column":85}},"269":{"start":{"line":270,"column":0},"end":{"line":270,"column":74}},"270":{"start":{"line":271,"column":0},"end":{"line":271,"column":59}},"271":{"start":{"line":272,"column":0},"end":{"line":272,"column":3}},"273":{"start":{"line":274,"column":0},"end":{"line":274,"column":39}},"274":{"start":{"line":275,"column":0},"end":{"line":275,"column":84}},"276":{"start"
[...]
{"start":{"line":962,"column":85},"end":{"line":964,"column":5}}]},"216":{"type":"branch","line":964,"loc":{"start":{"line":964,"column":4},"end":{"line":965,"column":95}},"locations":[{"start":{"line":964,"column":4},"end":{"line":965,"column":95}}]},"217":{"type":"branch","line":965,"loc":{"start":{"line":965,"column":97},"end":{"line":967,"column":5}},"locations":[{"start":{"line":965,"column":97},"end":{"line":967,"column":5}}]},"218":{"type":"branch","line":967,"loc":{"start":{"line":967,"column":4},"end":{"line":973,"column":84}},"locations":[{"start":{"line":967,"column":4},"end":{"line":973,"column":84}}]},"219":{"type":"branch","line":973,"loc":{"start":{"line":973,"column":84},"end":{"line":980,"column":5}},"locations":[{"start":{"line":973,"column":84},"end":{"line":980,"column":5}}]},"220":{"type":"branch","line":980,"loc":{"start":{"line":980,"column":4},"end":{"line":985,"column":3}},"locations":[{"start":{"line":980,"column":4},"end":{"line":985,"column":3}}]},"221":{"type":"branch","line":985,"loc":{"start":{"line":985,"column":2},"end":{"line":1002,"column":29}},"locations":[{"start":{"line":985,"column":2},"end":{"line":1002,"column":29}}]},"222":{"type":"branch","line":1002,"loc":{"start":{"line":1002,"column":29},"end":{"line":1002,"column":53}},"locations":[{"start":{"line":1002,"column":29},"end":{"line":1002,"column":53}}]},"223":{"type":"branch","line":1002,"loc":{"start":{"line":1002,"column":54},"end":{"line":1002,"column":58}},"locations":[{"start":{"line":1002,"column":54},"end":{"line":1002,"column":58}}]},"224":{"type":"branch","line":1003,"loc":{"start":{"line":1003,"column":34},"end":{"line":1009,"column":1}},"locations":[{"start":{"line":1003,"column":34},"end":{"line":1009,"column":1}}]},"225":{"type":"branch","line":1017,"loc":{"start":{"line":1017,"column":7},"end":{"line":1022,"column":1}},"locations":[{"start":{"line":1017,"column":7},"end":{"line":1022,"column":1}}]},"226":{"type":"branch","line":1019,"loc":{"start":{"line":1019,"column":28},"end":{"line":1020,"column":26}},"locations":[{"start":{"line":1019,"column":28},"end":{"line":1020,"column":26}}]},"227":{"type":"branch","line":1020,"loc":{"start":{"line":1020,"column":26},"end":{"line":1022,"column":1}},"locations":[{"start":{"line":1020,"column":26},"end":{"line":1022,"column":1}}]},"228":{"type":"branch","line":1024,"loc":{"start":{"line":1024,"column":7},"end":{"line":1069,"column":1}},"locations":[{"start":{"line":1024,"column":7},"end":{"line":1069,"column":1}}]},"229":{"type":"branch","line":1033,"loc":{"start":{"line":1033,"column":61},"end":{"line":1033,"column":71}},"locations":[{"start":{"line":1033,"column":61},"end":{"line":1033,"column":71}}]},"230":{"type":"branch","line":1035,"loc":{"start":{"line":1035,"column":45},"end":{"line":1035,"column":51}},"locations":[{"start":{"line":1035,"column":45},"end":{"line":1035,"column":51}}]},"231":{"type":"branch","line":1036,"loc":{"start":{"line":1036,"column":28},"end":{"line":1036,"column":39}},"locations":[{"start":{"line":1036,"column":28},"end":{"line":1036,"column":39}}]},"232":{"type":"branch","line":1043,"loc":{"start":{"line":1043,"column":40},"end":{"line":1047,"column":7}},"locations":[{"start":{"line":1043,"column":40},"end":{"line":1047,"column":7}}]},"233":{"type":"branch","line":1050,"loc":{"start":{"line":1050,"column":76},"end":{"line":1050,"column":80}},"locations":[{"start":{"line":1050,"column":76},"end":{"line":1050,"column":80}}]},"234":{"type":"branch","line":1056,"loc":{"start":{"line":1056,"column":25},"end":{"line":1058,"column":5}},"locations":[{"start":{"line":1056,"column":25},"end":{"line":1058,"column":5}}]},"235":{"type":"branch","line":1061,"loc":{"start":{"line":1061,"column":21},"end":{"line":1063,"column":5}},"locations":[{"start":{"line":1061,"column":21},"end":{"line":1063,"column":5}}]},"236":{"type":"branch","line":1071,"loc":{"start":{"line":1071,"column":7},"end":{"line":1079,"column":1}},"locations":[{"start":{"line":1071,"column":7},"end":{"line":1079,"column":1}}]},"237":{"type":"branch","line":1074,"loc":{"start":{"line":1074,"column":21},"end":{"line":1074,"column":33}},"locations":[{"start":{"line":1074,"column":21},"end":{"line":1074,"column":33}}]},"238":{"type":"branch","line":1078,"loc":{"start":{"line":1078,"column":16},"end":{"line":1078,"column":21}},"locations":[{"start":{"line":1078,"column":16},"end":{"line":1078,"column":21}}]},"239":{"type":"branch","line":1099,"loc":{"start":{"line":1099,"column":7},"end":{"line":1129,"column":1}},"locations":[{"start":{"line":1099,"column":7},"end":{"line":1129,"column":1}}]},"240":{"type":"branch","line":1102,"loc":{"start":{"line":1102,"column":35},"end":{"line":1104,"column":16}},"locations":[{"start":{"line":1102,"column":35},"end":{"line":1104,"column":16}}]},"241":{"type":"branch","line":1104,"loc":{"start":{"line":1104,"column":16},"end":{"line":1104,"column":70}},"locations":[{"start":{"line":1104,"column":16},"end":{"line":1104,"column":70}}]},"242":{"type":"branch","line":1104,"loc":{"start":{"line":1104,"column":69},"end":{"line":1107,"column":12}},"locations":[{"start":{"line":1104,"column":69},"end":{"line":1107,"column":12}}]},"243":{"type":"branch","line":1107,"loc":{"start":{"line":1107,"column":12},"end":{"line":1107,"column":65}},"locations":[{"start":{"line":1107,"column":12},"end":{"line":1107,"column":65}}]},"244":{"type":"branch","line":1107,"loc":{"start":{"line":1107,"column":64},"end":{"line":1110,"column":37}},"locations":[{"start":{"line":1107,"column":64},"end":{"line":1110,"column":37}}]},"245":{"type":"branch","line":1110,"loc":{"start":{"line":1110,"column":37},"end":{"line":1110,"column":106}},"locations":[{"start":{"line":1110,"column":37},"end":{"line":1110,"column":106}}]},"246":{"type":"branch","line":1110,"loc":{"start":{"line":1110,"column":105},"end":{"line":1114,"column":38}},"locations":[{"start":{"line":1110,"column":105},"end":{"line":1114,"column":38}}]},"247":{"type":"branch","line":1114,"loc":{"start":{"line":1114,"column":38},"end":{"line":1114,"column":45}},"locations":[{"start":{"line":1114,"column":38},"end":{"line":1114,"column":45}}]},"248":{"type":"branch","line":1115,"loc":{"start":{"line":1115,"column":30},"end":{"line":1115,"column":37}},"locations":[{"start":{"line":1115,"column":30},"end":{"line":1115,"column":37}}]},"249":{"type":"branch","line":1116,"loc":{"start":{"line":1116,"column":35},"end":{"line":1116,"column":42}},"locations":[{"start":{"line":1116,"column":35},"end":{"line":1116,"column":42}}]},"250":{"type":"branch","line":1120,"loc":{"start":{"line":1120,"column":4},"end":{"line":1123,"column":53}},"locations":[{"start":{"line":1120,"column":4},"end":{"line":1123,"column":53}}]},"251":{"type":"branch","line":1123,"loc":{"start":{"line":1123,"column":54},"end":{"line":1123,"column":58}},"locations":[{"start":{"line":1123,"column":54},"end":{"line":1123,"column":58}}]},"252":{"type":"branch","line":1124,"loc":{"start":{"line":1124,"column":94},"end":{"line":1129,"column":1}},"locations":[{"start":{"line":1124,"column":94},"end":{"line":1129,"column":1}}]},"253":{"type":"branch","line":1124,"loc":{"start":{"line":1124,"column":69},"end":{"line":1124,"column":91}},"locations":[{"start":{"line":1124,"column":69},"end":{"line":1124,"column":91}}]},"254":{"type":"branch","line":1131,"loc":{"start":{"line":1131,"column":7},"end":{"line":1166,"column":1}},"locations":[{"start":{"line":1131,"column":7},"end":{"line":1166,"column":1}}]},"255":{"type":"branch","line":1134,"loc":{"start":{"line":1134,"column":57},"end":{"line":1135,"column":32}},"locations":[{"start":{"line":1134,"column":57},"end":{"line":1135,"column":32}}]},"256":{"type":"branch","line":1135,"loc":{"start":{"line":1135,"column":32},"end":{"line":1135,"column":56}},"locations":[{"start":{"line":1135,"column":32},"end":{"line":1135,"column":56}}]},"257":{"type":"branch","line":1135,"loc":{"start":{"line":1135,"column":57},"end":{"line":1135,"column":61}},"locations":[{"start":{"line":1135,"column":57},"end":{"line":1135,"column":61}}]},"258":{"type":"branch","line":1140,"loc":{"start":{"line":1140,"column":31},"end":{"line":1152,"column":3}},"locations":[{"start":{"line":1140,"column":31},"end":{"line":1152,"column":3}}]},"259":{"type":"branch","line":1142,"loc":{"start":{"line":1142,"column":14},"end":{"line":1142,"column":23}},"locations":[{"start":{"line":1142,"column":14},"end":{"line":1142,"column":23}}]},"260":{"type":"branch","line":1142,"loc":{"start":{"line":1142,"column":22},"end":{"line":1144,"column":38}},"locations":[{"start":{"line":1142,"column":22},"end":{"line":1144,"column":38}}]},"261":{"type":"branch","line":1144,"loc":{"start":{"line":1144,"column":38},"end":{"line":1144,"column":57}},"locations":[{"start":{"line":1144,"column":38},"end":{"line":1144,"column":57}}]},"262":{"type":"branch","line":1144,"loc":{"start":{"line":1144,"column":56},"end":{"line":1146,"column":36}},"locations":[{"start":{"line":1144,"column":56},"end":{"line":1146,"column":36}}]},"263":{"type":"branch","line":1146,"loc":{"start":{"line":1146,"column":36},"end":{"line":1146,"column":41}},"locations":[{"start":{"line":1146,"column":36},"end":{"line":1146,"column":41}}]},"264":{"type":"branch","line":1146,"loc":{"start":{"line":1146,"column":43},"end":{"line":1151,"column":5}},"locations":[{"start":{"line":1146,"column":43},"end":{"line":1151,"column":5}}]},"265":{"type":"branch","line":1147,"loc":{"start":{"line":1147,"column":37},"end":{"line":1147,"column":55}},"locations":[{"start":{"line":1147,"column":37},"end":{"line":1147,"column":55}}]},"266":{"type":"branch","line":1147,"loc":{"start":{"line":1147,"column":56},"end":{"line":1147,"column":66}},"locations":[{"start":{"line":1147,"column":56},"end":{"line":1147,"column":66}}]},"267":{"type":"branch","line":1148,"loc":{"start":{"line":1148,"column":31},"end":{"line":1148,"column":114}},"locations":[{"start":{"line":1148,"column":31},"end":{"line":1148,"column":114}}]},"268":{"type":"branch","line":1151,"loc":{"start":{"line":1151,"column":4},"end":{"line":1152,"column":3}},"locations":[{"start":{"line":1151,"column":4},"end":{"line":1152,"column":3}}]},"269":{"type":"branch","line":1152,"loc":{"start":{"line":1152,"column":2},"end":{"line":1155,"column":56}},"locations":[{"start":{"line":1152,"column":2},"end":{"line":1155,"column":56}}]},"270":{"type":"branch","line":1155,"loc":{"start":{"line":1155,"column":56},"end":{"line":1163,"column":3}},"locations":[{"start":{"line":1155,"column":56},"end":{"line":1163,"column":3}}]},"271":{"type":"branch","line":1163,"loc":{"start":{"line":1163,"column":2},"end":{"line":1166,"column":1}},"locations":[{"start":{"line":1163,"column":2},"end":{"line":1166,"column":1}}]},"272":{"type":"branch","line":1168,"loc":{"start":{"line":1168,"column":0},"end":{"line":1181,"column":1}},"locations":[{"start":{"line":1168,"column":0},"end":{"line":1181,"column":1}}]},"273":{"type":"branch","line":1169,"loc":{"start":{"line":1169,"column":60},"end":{"line":1169,"column":65}},"locations":[{"start":{"line":1169,"column":60},"end":{"line":1169,"column":65}}]},"274":{"type":"branch","line":1170,"loc":{"start":{"line":1170,"column":39},"end":{"line":1170,"column":44}},"locations":[{"start":{"line":1170,"column":39},"end":{"line":1170,"column":44}}]},"275":{"type":"branch","line":1171,"loc":{"start":{"line":1171,"column":17},"end":{"line":1175,"column":3}},"locations":[{"start":{"line":1171,"column":17},"end":{"line":1175,"column":3}}]},"276":{"type":"branch","line":1175,"loc":{"start":{"line":1175,"column":2},"end":{"line":1176,"column":29}},"locations":[{"start":{"line":1175,"column":2},"end":{"line":1176,"column":29}}]},"277":{"type":"branch","line":1176,"loc":{"start":{"line":1176,"column":29},"end":{"line":1180,"column":3}},"locations":[{"start":{"line":1176,"column":29},"end":{"line":1180,"column":3}}]},"278":{"type":"branch","line":1187,"loc":{"start":{"line":1187,"column":7},"end":{"line":1192,"column":1}},"locations":[{"start":{"line":1187,"column":7},"end":{"line":1192,"column":1}}]}},"b":{"0":[11],"1":[0],"2":[7],"3":[4],"4":[2],"5":[1],"6":[21],"7":[20],"8":[20],"9":[2],"10":[19],"11":[1],"12":[18],"13":[1],"14":[17],"15":[2],"16":[15],"17":[1],"18":[14],"19":[15],"20":[4],"21":[11],"22":[9],"23":[4],"24":[0],"25":[4],"26":[3],"27":[9],"28":[1],"29":[3],"30":[0],"31":[19],"32":[0],"33":[1],"34":[18],"35":[1],"36":[17],"37":[1],"38":[16],"39":[1],"40":[15],"41":[14],"42":[10],"43":[5],"44":[0],"45":[15],"46":[15],"47":[3],"48":[12],"49":[3],"50":[9],"51":[9],"52":[1],"53":[8],"54":[0],"55":[8],"56":[1],"57":[7],"58":[0],"59":[1],"60":[6],"61":[4],"62":[3],"63":[2],"64":[1],"65":[0],"66":[0],"67":[0],"68":[3],"69":[1],"70":[2],"71":[0],"72":[2],"73":[1],"74":[0],"75":[0],"76":[3],"77":[1],"78":[2],"79":[0],"80":[2],"81":[1],"82":[0],"83":[2],"84":[1],"85":[1],"86":[0],"87":[3],"88":[1],"89":[2],"90":[9],"91":[1],"92":[8],"93":[6],"94":[6],"95":[6],"96":[1],"97":[0],"98":[7],"99":[1],"100":[6],"101":[5],"102":[6],"103":[4],"104":[4],"105":[4],"106":[6],"107":[35],"108":[19],"109":[16],"110":[20],"111":[3],"112":[17],"113":[3],"114":[0],"115":[1],"116":[1],"117":[2],"118":[1],"119":[0],"120":[0],"121":[0],"122":[2],"123":[0],"124":[8],"125":[0],"126":[0],"127":[1],"128":[7],"129":[3],"130":[4],"131":[1],"132":[6],"133":[0],"134":[6],"135":[0],"136":[6],"137":[13],"138":[0],"139":[1],"140":[12],"141":[1],"142":[11],"143":[1],"144":[10],"145":[0],"146":[10],"147":[1],"148":[9],"149":[1],"150":[8],"151":[0],"152":[8],"153":[1],"154":[0],"155":[7],"156":[1],"157":[6],"158":[1],"159":[5],"160":[0],"161":[5],"162":[0],"163":[1],"164":[4],"165":[3],"166":[1],"167":[33],"168":[12],"169":[21],"170":[0],"171":[21],"172":[1],"173":[20],"174":[0],"175":[18],"176":[17],"177":[17],"178":[1],"179":[17],"180":[17],"181":[1],"182":[16],"183":[16],"184":[1],"185":[15],"186":[3],"187":[1],"188":[2],"189":[1],"190":[12],"191":[9],"192":[0],"193":[0],"194":[1],"195":[8],"196":[1],"197":[7],"198":[1],"199":[6],"200":[0],"201":[6],"202":[1],"203":[5],"204":[0],"205":[0],"206":[1],"207":[4],"208":[0],"209":[4],"210":[0],"211":[4],"212":[4],"213":[0],"214":[4],"215":[0],"216":[4],"217":[0],"218":[4],"219":[2],"220":[4],"221":[4],"222":[0],"223":[4],"224":[4],"225":[4],"226":[2],"227":[1],"228":[6],"229":[0],"230":[0],"231":[0],"232":[1],"233":[0],"234":[1],"235":[0],"236":[29],"237":[0],"238":[0],"239":[9],"240":[6],"241":[1],"242":[5],"243":[2],"244":[3],"245":[0],"246":[3],"247":[2],"248":[2],"249":[3],"250":[3],"251":[0],"252":[3],"253":[3],"254":[8],"255":[6],"256":[5],"257":[1],"258":[9],"259":[1],"260":[8],"261":[1],"262":[7],"263":[0],"264":[8],"265":[6],"266":[2],"267":[7],"268":[7],"269":[6],"270":[7],"271":[6],"272":[17],"273":[2],"274":[2],"275":[2],"276":[15],"277":[3],"278":[115]},"fnMap":{"0":{"name":"buildSponsorWallet","decl":{"start":{"line":193,"column":7},"end":{"line":212,"column":1}},"loc":{"start":{"line":193,"column":7},"end":{"line":212,"column":1}},"line":193},"1":{"name":"fetch","decl":{"start":{"line":219,"column":2},"end":{"line":260,"column":3}},"loc":{"start":{"line":219,"column":2},"end":{"line":260,"column":3}},"line":219},"2":{"name":"handleCryptoQuote","decl":{"start":{"line":267,"column":7},"end":{"line":318,"column":1}},"loc":{"start":{"line":267,"column":7},"end":{"line":318,"column":1}},"line":267},"3":{"name":"getCryptoRate","decl":{"start":{"line":320,"column":7},"end":{"line":334,"column":1}},"loc":{"start":{"line":320,"column":7},"end":{"line":334,"column":1}},"line":320},"4":{"name":"handleCryptoVerify","decl":{"start":{"line":353,"column":7},"end":{"line":403,"column":1}},"loc":{"start":{"line":353,"column":7},"end":{"line":403,"column":1}},"line":353},"5":{"name":"scanForPayment","decl":{"start":{"line":405,"column":7},"end":{"line":410,"column":1}},"loc":{"start":{"line":405,"column":7},"end":{"line":410,"column":1}},"line":405},"6":{"name":"scanEvmChain","decl":{"start":{"line":412,"column":7},"end":{"line":449,"column":1}},"loc":{"start":{"line":412,"column":7},"end":{"line":449,"column":1}},"line":412},"7":{"name":"scanSolana","decl":{"start":{"line":451,"column":7},"end":{"line":463,"column":1}},"loc":{"start":{"line":451,"column":7},"end":{"line":463,"column":1}},"line":451},"8":{"name":"scanBitcoin","decl":{"start":{"line":465,"column":7},"end":{"line":477,"column":1}},"loc":{"start":{"line":465,"column":7},"end":{"line":477,"column":1}},"line":465},"9":{"name":"handleCreditsBalance","decl":{"start":{"line":490,"column":7},"end":{"line":495,"column":1}},"loc":{"start":{"line":490,"column":7},"end":{"line":495,"column":1}},"line":490},"10":{"name":"handleCreditsConsume","decl":{"start":{"line":497,"column":7},"end":{"line":533,"column":1}},"loc":{"start":{"line":497,"column":7},"end":{"line":533,"column":1}},"line":497},"11":{"name":"getBalance","decl":{"start":{"line":535,"column":7},"end":{"line":538,"column":1}},"loc":{"start":{"line":535,"column":7},"end":{"line":538,"column":1}},"line":535},"12":{"name":"addCredits","decl":{"start":{"line":540,"column":7},"end":{"line":549,"column":1}},"loc":{"start":{"line":540,"column":7},"end":{"line":549,"column":1}},"line":540},"13":{"name":"handleClaimInfo","decl":{"start":{"line":564,"column":7},"end":{"line":616,"column":1}},"loc":{"start":{"line":564,"column":7},"end":{"line":616,"column":1}},"line":564},"14":{"name":"handleClaimFree","decl":{"start":{"line":618,"column":7},"end":{"line":697,"column":1}},"loc":{"start":{"line":618,"column":7},"end":{"line":697,"column":1}},"line":618},"15":{"name":"handleGasSponsor","decl":{"start":{"line":717,"column":7},"end":{"line":811,"column":1}},"loc":{"start":{"line":717,"column":7},"end":{"line":811,"column":1}},"line":717},"16":{"name":"checkSponsorRate","decl":{"start":{"line":813,"column":7},"end":{"line":840,"column":1}},"loc":{"start":{"line":813,"column":7},"end":{"line":840,"column":1}},"line":813},"17":{"name":"handleSweepCommit","decl":{"start":{"line":857,"column":7},"end":{"line":890,"column":1}},"loc":{"start":{"line":857,"column":7},"end":{"line":890,"column":1}},"line":857},"18":{"name":"handleFeeRecord","decl":{"start":{"line":896,"column":7},"end":{"line":1009,"column":1}},"loc":{"start":{"line":896,"column":7},"end":{"line":1009,"column":1}},"line":896},"19":{"name":"scaleUsdcToDecimals","decl":{"start":{"line":1017,"column":7},"end":{"line":1022,"column":1}},"loc":{"start":{"line":1017,"column":7},"end":{"line":1022,"column":1}},"line":1017},"20":{"name":"buildOperatorView","decl":{"start":{"line":1024,"column":7},"end":{"line":1069,"column":1}},"loc":{"start":{"line":1024,"column":7},"end":{"line":1069,"column":1}},"line":1024},"21":{"name":"formatAmount","decl":{"start":{"line":1071,"column":7},"end":{"line":1079,"column":1}},"loc":{"start":{"line":1071,"column":7},"end":{"line":1079,"column":1}},"line":1071},"22":{"name":"handleFeePending","decl":{"start":{"line":1081,"column":7},"end":{"line":1097,"column":1}},"loc":{"start":{"line":1081,"column":7},"end":{"line":1097,"column":1}},"line":1081},"23":{"name":"handleFeeMarkForwarded","decl":{"start":{"line":1099,"column":7},"end":{"line":1129,"column":1}},"loc":{"start":{"line":1099,"column":7},"end":{"line":1129,"column":1}},"line":1099},"24":{"name":"handleFeeSummary","decl":{"start":{"line":1131,"column":7},"end":{"line":1166,"column":1}},"loc":{"start":{"line":1131,"column":7},"end":{"line":1166,"column":1}},"line":1131},"25":{"name":"requireOperator","decl":{"start":{"line":1168,"column":0},"end":{"line":1181,"column":1}},"loc":{"start":{"line":1168,"column":0},"end":{"line":1181,"column":1}},"line":1168},"26":{"name":"json","decl":{"start":{"line":1187,"column":7},"end":{"line":1192,"column":1}},"loc":{"start":{"line":1187,"column":7},"end":{"line":1192,"column":1}},"line":1187}},"f":{"0":11,"1":0,"2":21,"3":15,"4":19,"5":15,"6":9,"7":3,"8":3,"9":3,"10":9,"11":35,"12":20,"13":3,"14":8,"15":13,"16":33,"17":18,"18":9,"19":4,"20":6,"21":29,"22":0,"23":9,"24":8,"25":17,"26":115}}
}
